{"C:\\Users\\luis.colorado\\Desktop\\ADD\\challenge_addika_posts\\src\\config\\db.js": {"path":"C:\\Users\\luis.colorado\\Desktop\\ADD\\challenge_addika_posts\\src\\config\\db.js","statementMap":{"0":{"start":{"line":1,"column":22},"end":{"line":1,"column":42}},"1":{"start":{"line":2,"column":0},"end":{"line":2,"column":27}},"2":{"start":{"line":4,"column":11},"end":{"line":14,"column":1}},"3":{"start":{"line":16,"column":0},"end":{"line":16,"column":16}}},"fnMap":{},"branchMap":{},"s":{"0":1,"1":1,"2":1,"3":1},"f":{},"b":{},"_coverageSchema":"1a1c01bbd47fc00a2c39e90264f33305004495a9","hash":"c69ecab115fbe965a1e649efa2bf0f2d4b44e964"}
,"C:\\Users\\luis.colorado\\Desktop\\ADD\\challenge_addika_posts\\src\\config\\util.js": {"path":"C:\\Users\\luis.colorado\\Desktop\\ADD\\challenge_addika_posts\\src\\config\\util.js","statementMap":{"0":{"start":{"line":1,"column":0},"end":{"line":4,"column":1}},"1":{"start":{"line":7,"column":0},"end":{"line":11,"column":1}}},"fnMap":{},"branchMap":{},"s":{"0":1,"1":1},"f":{},"b":{},"_coverageSchema":"1a1c01bbd47fc00a2c39e90264f33305004495a9","hash":"c3dd0d9f82aed11d37dc98e4cf88c985c513396b"}
,"C:\\Users\\luis.colorado\\Desktop\\ADD\\challenge_addika_posts\\src\\controllers\\commentsController.js": {"path":"C:\\Users\\luis.colorado\\Desktop\\ADD\\challenge_addika_posts\\src\\controllers\\commentsController.js","statementMap":{"0":{"start":{"line":1,"column":15},"end":{"line":1,"column":38}},"1":{"start":{"line":2,"column":29},"end":{"line":2,"column":57}},"2":{"start":{"line":4,"column":0},"end":{"line":35,"column":2}},"3":{"start":{"line":6,"column":4},"end":{"line":33,"column":5}},"4":{"start":{"line":7,"column":25},"end":{"line":14,"column":14}},"5":{"start":{"line":16,"column":8},"end":{"line":21,"column":11}},"6":{"start":{"line":26,"column":8},"end":{"line":31,"column":11}},"7":{"start":{"line":37,"column":0},"end":{"line":85,"column":2}},"8":{"start":{"line":39,"column":4},"end":{"line":83,"column":5}},"9":{"start":{"line":41,"column":23},"end":{"line":41,"column":44}},"10":{"start":{"line":42,"column":8},"end":{"line":47,"column":14}},"11":{"start":{"line":43,"column":12},"end":{"line":47,"column":14}},"12":{"start":{"line":50,"column":25},"end":{"line":50,"column":28}},"13":{"start":{"line":52,"column":25},"end":{"line":64,"column":14}},"14":{"start":{"line":66,"column":8},"end":{"line":71,"column":11}},"15":{"start":{"line":76,"column":8},"end":{"line":81,"column":11}},"16":{"start":{"line":87,"column":0},"end":{"line":138,"column":2}},"17":{"start":{"line":89,"column":4},"end":{"line":136,"column":5}},"18":{"start":{"line":91,"column":23},"end":{"line":91,"column":44}},"19":{"start":{"line":92,"column":8},"end":{"line":97,"column":14}},"20":{"start":{"line":93,"column":12},"end":{"line":97,"column":14}},"21":{"start":{"line":100,"column":25},"end":{"line":100,"column":28}},"22":{"start":{"line":102,"column":8},"end":{"line":102,"column":49}},"23":{"start":{"line":104,"column":25},"end":{"line":117,"column":14}},"24":{"start":{"line":119,"column":28},"end":{"line":119,"column":53}},"25":{"start":{"line":121,"column":8},"end":{"line":125,"column":11}},"26":{"start":{"line":130,"column":8},"end":{"line":134,"column":11}},"27":{"start":{"line":141,"column":0},"end":{"line":175,"column":2}},"28":{"start":{"line":142,"column":4},"end":{"line":173,"column":5}},"29":{"start":{"line":143,"column":27},"end":{"line":143,"column":30}},"30":{"start":{"line":145,"column":25},"end":{"line":154,"column":10}},"31":{"start":{"line":156,"column":8},"end":{"line":161,"column":11}},"32":{"start":{"line":166,"column":8},"end":{"line":171,"column":11}},"33":{"start":{"line":178,"column":0},"end":{"line":219,"column":1}},"34":{"start":{"line":179,"column":4},"end":{"line":218,"column":5}},"35":{"start":{"line":181,"column":23},"end":{"line":181,"column":44}},"36":{"start":{"line":182,"column":8},"end":{"line":187,"column":14}},"37":{"start":{"line":183,"column":12},"end":{"line":187,"column":14}},"38":{"start":{"line":190,"column":25},"end":{"line":190,"column":28}},"39":{"start":{"line":192,"column":8},"end":{"line":202,"column":9}},"40":{"start":{"line":204,"column":8},"end":{"line":208,"column":11}},"41":{"start":{"line":212,"column":8},"end":{"line":216,"column":11}},"42":{"start":{"line":222,"column":0},"end":{"line":274,"column":1}},"43":{"start":{"line":223,"column":4},"end":{"line":273,"column":5}},"44":{"start":{"line":225,"column":23},"end":{"line":225,"column":44}},"45":{"start":{"line":226,"column":8},"end":{"line":231,"column":14}},"46":{"start":{"line":227,"column":12},"end":{"line":231,"column":14}},"47":{"start":{"line":234,"column":25},"end":{"line":234,"column":28}},"48":{"start":{"line":236,"column":8},"end":{"line":257,"column":11}},"49":{"start":{"line":239,"column":12},"end":{"line":247,"column":39}},"50":{"start":{"line":250,"column":12},"end":{"line":255,"column":34}},"51":{"start":{"line":260,"column":8},"end":{"line":264,"column":11}},"52":{"start":{"line":268,"column":8},"end":{"line":272,"column":11}}},"fnMap":{"0":{"name":"(anonymous_0)","decl":{"start":{"line":4,"column":16},"end":{"line":4,"column":17}},"loc":{"start":{"line":4,"column":36},"end":{"line":35,"column":1}},"line":4},"1":{"name":"(anonymous_1)","decl":{"start":{"line":37,"column":28},"end":{"line":37,"column":29}},"loc":{"start":{"line":37,"column":48},"end":{"line":85,"column":1}},"line":37},"2":{"name":"(anonymous_2)","decl":{"start":{"line":87,"column":16},"end":{"line":87,"column":17}},"loc":{"start":{"line":87,"column":36},"end":{"line":138,"column":1}},"line":87},"3":{"name":"(anonymous_3)","decl":{"start":{"line":141,"column":15},"end":{"line":141,"column":16}},"loc":{"start":{"line":141,"column":35},"end":{"line":175,"column":1}},"line":141},"4":{"name":"(anonymous_4)","decl":{"start":{"line":178,"column":17},"end":{"line":178,"column":18}},"loc":{"start":{"line":178,"column":37},"end":{"line":219,"column":1}},"line":178},"5":{"name":"(anonymous_5)","decl":{"start":{"line":222,"column":17},"end":{"line":222,"column":18}},"loc":{"start":{"line":222,"column":37},"end":{"line":274,"column":1}},"line":222},"6":{"name":"(anonymous_6)","decl":{"start":{"line":236,"column":29},"end":{"line":236,"column":30}},"loc":{"start":{"line":236,"column":42},"end":{"line":257,"column":9}},"line":236}},"branchMap":{"0":{"loc":{"start":{"line":42,"column":8},"end":{"line":47,"column":14}},"type":"if","locations":[{"start":{"line":42,"column":8},"end":{"line":47,"column":14}},{"start":{},"end":{}}],"line":42},"1":{"loc":{"start":{"line":92,"column":8},"end":{"line":97,"column":14}},"type":"if","locations":[{"start":{"line":92,"column":8},"end":{"line":97,"column":14}},{"start":{},"end":{}}],"line":92},"2":{"loc":{"start":{"line":114,"column":29},"end":{"line":114,"column":66}},"type":"cond-expr","locations":[{"start":{"line":114,"column":47},"end":{"line":114,"column":51}},{"start":{"line":114,"column":54},"end":{"line":114,"column":66}}],"line":114},"3":{"loc":{"start":{"line":115,"column":39},"end":{"line":115,"column":96}},"type":"cond-expr","locations":[{"start":{"line":115,"column":67},"end":{"line":115,"column":71}},{"start":{"line":115,"column":74},"end":{"line":115,"column":96}}],"line":115},"4":{"loc":{"start":{"line":182,"column":8},"end":{"line":187,"column":14}},"type":"if","locations":[{"start":{"line":182,"column":8},"end":{"line":187,"column":14}},{"start":{},"end":{}}],"line":182},"5":{"loc":{"start":{"line":226,"column":8},"end":{"line":231,"column":14}},"type":"if","locations":[{"start":{"line":226,"column":8},"end":{"line":231,"column":14}},{"start":{},"end":{}}],"line":226}},"s":{"0":1,"1":1,"2":1,"3":1,"4":1,"5":1,"6":0,"7":1,"8":2,"9":2,"10":2,"11":1,"12":1,"13":1,"14":1,"15":1,"16":1,"17":2,"18":2,"19":2,"20":1,"21":1,"22":1,"23":1,"24":1,"25":1,"26":1,"27":1,"28":1,"29":1,"30":1,"31":1,"32":0,"33":1,"34":2,"35":2,"36":2,"37":1,"38":1,"39":1,"40":1,"41":1,"42":1,"43":2,"44":2,"45":2,"46":0,"47":2,"48":2,"49":2,"50":2,"51":2,"52":0},"f":{"0":1,"1":2,"2":2,"3":1,"4":2,"5":2,"6":2},"b":{"0":[1,1],"1":[1,1],"2":[1,0],"3":[1,0],"4":[1,1],"5":[0,2]},"_coverageSchema":"1a1c01bbd47fc00a2c39e90264f33305004495a9","hash":"43d1b5ef61b68df9d4fa3b9c723a762f04dddcc5"}
,"C:\\Users\\luis.colorado\\Desktop\\ADD\\challenge_addika_posts\\src\\controllers\\logsController.js": {"path":"C:\\Users\\luis.colorado\\Desktop\\ADD\\challenge_addika_posts\\src\\controllers\\logsController.js","statementMap":{"0":{"start":{"line":1,"column":15},"end":{"line":1,"column":38}},"1":{"start":{"line":2,"column":29},"end":{"line":2,"column":57}},"2":{"start":{"line":4,"column":0},"end":{"line":38,"column":2}},"3":{"start":{"line":6,"column":4},"end":{"line":36,"column":5}},"4":{"start":{"line":8,"column":23},"end":{"line":8,"column":44}},"5":{"start":{"line":9,"column":8},"end":{"line":14,"column":14}},"6":{"start":{"line":10,"column":12},"end":{"line":14,"column":14}},"7":{"start":{"line":18,"column":25},"end":{"line":23,"column":14}},"8":{"start":{"line":25,"column":8},"end":{"line":25,"column":27}},"9":{"start":{"line":30,"column":8},"end":{"line":34,"column":11}}},"fnMap":{"0":{"name":"(anonymous_0)","decl":{"start":{"line":4,"column":16},"end":{"line":4,"column":17}},"loc":{"start":{"line":4,"column":36},"end":{"line":38,"column":1}},"line":4}},"branchMap":{"0":{"loc":{"start":{"line":9,"column":8},"end":{"line":14,"column":14}},"type":"if","locations":[{"start":{"line":9,"column":8},"end":{"line":14,"column":14}},{"start":{},"end":{}}],"line":9}},"s":{"0":1,"1":1,"2":1,"3":0,"4":0,"5":0,"6":0,"7":0,"8":0,"9":0},"f":{"0":0},"b":{"0":[0,0]},"_coverageSchema":"1a1c01bbd47fc00a2c39e90264f33305004495a9","hash":"2fdf627bdabbb736bc45efe3c079d4452e950d64"}
,"C:\\Users\\luis.colorado\\Desktop\\ADD\\challenge_addika_posts\\src\\controllers\\permissionsController.js": {"path":"C:\\Users\\luis.colorado\\Desktop\\ADD\\challenge_addika_posts\\src\\controllers\\permissionsController.js","statementMap":{"0":{"start":{"line":1,"column":15},"end":{"line":1,"column":38}},"1":{"start":{"line":2,"column":29},"end":{"line":2,"column":57}},"2":{"start":{"line":5,"column":0},"end":{"line":71,"column":2}},"3":{"start":{"line":6,"column":4},"end":{"line":69,"column":5}},"4":{"start":{"line":8,"column":23},"end":{"line":8,"column":44}},"5":{"start":{"line":9,"column":8},"end":{"line":14,"column":14}},"6":{"start":{"line":10,"column":12},"end":{"line":14,"column":14}},"7":{"start":{"line":18,"column":25},"end":{"line":18,"column":28}},"8":{"start":{"line":20,"column":8},"end":{"line":51,"column":11}},"9":{"start":{"line":22,"column":27},"end":{"line":33,"column":38}},"10":{"start":{"line":36,"column":12},"end":{"line":49,"column":13}},"11":{"start":{"line":38,"column":16},"end":{"line":48,"column":43}},"12":{"start":{"line":54,"column":8},"end":{"line":58,"column":11}},"13":{"start":{"line":63,"column":8},"end":{"line":67,"column":11}},"14":{"start":{"line":73,"column":0},"end":{"line":107,"column":1}},"15":{"start":{"line":74,"column":4},"end":{"line":106,"column":5}},"16":{"start":{"line":75,"column":25},"end":{"line":75,"column":28}},"17":{"start":{"line":77,"column":8},"end":{"line":88,"column":14}},"18":{"start":{"line":91,"column":8},"end":{"line":95,"column":11}},"19":{"start":{"line":100,"column":8},"end":{"line":104,"column":11}}},"fnMap":{"0":{"name":"(anonymous_0)","decl":{"start":{"line":5,"column":16},"end":{"line":5,"column":17}},"loc":{"start":{"line":5,"column":36},"end":{"line":71,"column":1}},"line":5},"1":{"name":"(anonymous_1)","decl":{"start":{"line":20,"column":29},"end":{"line":20,"column":30}},"loc":{"start":{"line":20,"column":42},"end":{"line":51,"column":9}},"line":20},"2":{"name":"(anonymous_2)","decl":{"start":{"line":73,"column":27},"end":{"line":73,"column":28}},"loc":{"start":{"line":73,"column":47},"end":{"line":107,"column":1}},"line":73}},"branchMap":{"0":{"loc":{"start":{"line":9,"column":8},"end":{"line":14,"column":14}},"type":"if","locations":[{"start":{"line":9,"column":8},"end":{"line":14,"column":14}},{"start":{},"end":{}}],"line":9},"1":{"loc":{"start":{"line":36,"column":12},"end":{"line":49,"column":13}},"type":"if","locations":[{"start":{"line":36,"column":12},"end":{"line":49,"column":13}},{"start":{},"end":{}}],"line":36}},"s":{"0":1,"1":1,"2":1,"3":2,"4":2,"5":2,"6":0,"7":2,"8":2,"9":2,"10":2,"11":1,"12":1,"13":1,"14":1,"15":1,"16":1,"17":1,"18":1,"19":0},"f":{"0":2,"1":2,"2":1},"b":{"0":[0,2],"1":[1,1]},"_coverageSchema":"1a1c01bbd47fc00a2c39e90264f33305004495a9","hash":"31840e8ca2f2d139284867b2f40eb8c48ec499e2"}
,"C:\\Users\\luis.colorado\\Desktop\\ADD\\challenge_addika_posts\\src\\controllers\\postsController.js": {"path":"C:\\Users\\luis.colorado\\Desktop\\ADD\\challenge_addika_posts\\src\\controllers\\postsController.js","statementMap":{"0":{"start":{"line":1,"column":15},"end":{"line":1,"column":38}},"1":{"start":{"line":2,"column":29},"end":{"line":2,"column":57}},"2":{"start":{"line":4,"column":0},"end":{"line":41,"column":2}},"3":{"start":{"line":6,"column":4},"end":{"line":39,"column":5}},"4":{"start":{"line":7,"column":25},"end":{"line":20,"column":14}},"5":{"start":{"line":22,"column":8},"end":{"line":27,"column":11}},"6":{"start":{"line":32,"column":8},"end":{"line":37,"column":11}},"7":{"start":{"line":43,"column":0},"end":{"line":96,"column":2}},"8":{"start":{"line":44,"column":4},"end":{"line":94,"column":5}},"9":{"start":{"line":46,"column":23},"end":{"line":46,"column":44}},"10":{"start":{"line":47,"column":8},"end":{"line":52,"column":14}},"11":{"start":{"line":48,"column":12},"end":{"line":52,"column":14}},"12":{"start":{"line":54,"column":25},"end":{"line":54,"column":28}},"13":{"start":{"line":57,"column":25},"end":{"line":76,"column":14}},"14":{"start":{"line":78,"column":8},"end":{"line":83,"column":11}},"15":{"start":{"line":88,"column":8},"end":{"line":93,"column":11}},"16":{"start":{"line":99,"column":0},"end":{"line":164,"column":2}},"17":{"start":{"line":101,"column":4},"end":{"line":162,"column":5}},"18":{"start":{"line":103,"column":23},"end":{"line":103,"column":44}},"19":{"start":{"line":104,"column":8},"end":{"line":109,"column":14}},"20":{"start":{"line":105,"column":12},"end":{"line":109,"column":14}},"21":{"start":{"line":112,"column":25},"end":{"line":112,"column":28}},"22":{"start":{"line":114,"column":30},"end":{"line":114,"column":31}},"23":{"start":{"line":115,"column":8},"end":{"line":145,"column":11}},"24":{"start":{"line":117,"column":29},"end":{"line":128,"column":38}},"25":{"start":{"line":130,"column":12},"end":{"line":130,"column":53}},"26":{"start":{"line":132,"column":12},"end":{"line":142,"column":39}},"27":{"start":{"line":147,"column":8},"end":{"line":151,"column":11}},"28":{"start":{"line":156,"column":8},"end":{"line":160,"column":11}},"29":{"start":{"line":167,"column":0},"end":{"line":200,"column":1}},"30":{"start":{"line":168,"column":4},"end":{"line":199,"column":5}},"31":{"start":{"line":169,"column":27},"end":{"line":169,"column":30}},"32":{"start":{"line":171,"column":25},"end":{"line":180,"column":10}},"33":{"start":{"line":182,"column":8},"end":{"line":187,"column":11}},"34":{"start":{"line":192,"column":8},"end":{"line":197,"column":11}},"35":{"start":{"line":204,"column":0},"end":{"line":270,"column":1}},"36":{"start":{"line":206,"column":4},"end":{"line":269,"column":5}},"37":{"start":{"line":208,"column":23},"end":{"line":208,"column":44}},"38":{"start":{"line":209,"column":8},"end":{"line":214,"column":14}},"39":{"start":{"line":210,"column":12},"end":{"line":214,"column":14}},"40":{"start":{"line":217,"column":25},"end":{"line":217,"column":28}},"41":{"start":{"line":219,"column":8},"end":{"line":251,"column":11}},"42":{"start":{"line":221,"column":12},"end":{"line":226,"column":34}},"43":{"start":{"line":229,"column":12},"end":{"line":235,"column":39}},"44":{"start":{"line":238,"column":12},"end":{"line":248,"column":39}},"45":{"start":{"line":253,"column":8},"end":{"line":257,"column":11}},"46":{"start":{"line":263,"column":8},"end":{"line":267,"column":11}},"47":{"start":{"line":274,"column":0},"end":{"line":333,"column":1}},"48":{"start":{"line":276,"column":4},"end":{"line":332,"column":5}},"49":{"start":{"line":278,"column":23},"end":{"line":278,"column":44}},"50":{"start":{"line":279,"column":8},"end":{"line":284,"column":14}},"51":{"start":{"line":280,"column":12},"end":{"line":284,"column":14}},"52":{"start":{"line":287,"column":25},"end":{"line":287,"column":28}},"53":{"start":{"line":289,"column":8},"end":{"line":314,"column":11}},"54":{"start":{"line":291,"column":12},"end":{"line":298,"column":39}},"55":{"start":{"line":301,"column":12},"end":{"line":311,"column":39}},"56":{"start":{"line":316,"column":8},"end":{"line":320,"column":11}},"57":{"start":{"line":326,"column":8},"end":{"line":330,"column":11}}},"fnMap":{"0":{"name":"(anonymous_0)","decl":{"start":{"line":4,"column":16},"end":{"line":4,"column":17}},"loc":{"start":{"line":4,"column":36},"end":{"line":41,"column":1}},"line":4},"1":{"name":"(anonymous_1)","decl":{"start":{"line":43,"column":25},"end":{"line":43,"column":26}},"loc":{"start":{"line":43,"column":45},"end":{"line":96,"column":1}},"line":43},"2":{"name":"(anonymous_2)","decl":{"start":{"line":99,"column":16},"end":{"line":99,"column":17}},"loc":{"start":{"line":99,"column":36},"end":{"line":164,"column":1}},"line":99},"3":{"name":"(anonymous_3)","decl":{"start":{"line":115,"column":29},"end":{"line":115,"column":30}},"loc":{"start":{"line":115,"column":42},"end":{"line":145,"column":9}},"line":115},"4":{"name":"(anonymous_4)","decl":{"start":{"line":167,"column":15},"end":{"line":167,"column":16}},"loc":{"start":{"line":167,"column":35},"end":{"line":200,"column":1}},"line":167},"5":{"name":"(anonymous_5)","decl":{"start":{"line":204,"column":17},"end":{"line":204,"column":18}},"loc":{"start":{"line":204,"column":37},"end":{"line":270,"column":1}},"line":204},"6":{"name":"(anonymous_6)","decl":{"start":{"line":219,"column":29},"end":{"line":219,"column":30}},"loc":{"start":{"line":219,"column":42},"end":{"line":251,"column":9}},"line":219},"7":{"name":"(anonymous_7)","decl":{"start":{"line":274,"column":17},"end":{"line":274,"column":18}},"loc":{"start":{"line":274,"column":37},"end":{"line":333,"column":1}},"line":274},"8":{"name":"(anonymous_8)","decl":{"start":{"line":289,"column":29},"end":{"line":289,"column":30}},"loc":{"start":{"line":289,"column":42},"end":{"line":314,"column":9}},"line":289}},"branchMap":{"0":{"loc":{"start":{"line":47,"column":8},"end":{"line":52,"column":14}},"type":"if","locations":[{"start":{"line":47,"column":8},"end":{"line":52,"column":14}},{"start":{},"end":{}}],"line":47},"1":{"loc":{"start":{"line":104,"column":8},"end":{"line":109,"column":14}},"type":"if","locations":[{"start":{"line":104,"column":8},"end":{"line":109,"column":14}},{"start":{},"end":{}}],"line":104},"2":{"loc":{"start":{"line":209,"column":8},"end":{"line":214,"column":14}},"type":"if","locations":[{"start":{"line":209,"column":8},"end":{"line":214,"column":14}},{"start":{},"end":{}}],"line":209},"3":{"loc":{"start":{"line":279,"column":8},"end":{"line":284,"column":14}},"type":"if","locations":[{"start":{"line":279,"column":8},"end":{"line":284,"column":14}},{"start":{},"end":{}}],"line":279}},"s":{"0":1,"1":1,"2":1,"3":0,"4":0,"5":0,"6":0,"7":1,"8":5,"9":5,"10":5,"11":4,"12":1,"13":1,"14":1,"15":4,"16":1,"17":1,"18":1,"19":1,"20":0,"21":1,"22":1,"23":1,"24":1,"25":1,"26":1,"27":1,"28":0,"29":1,"30":1,"31":1,"32":1,"33":1,"34":0,"35":1,"36":1,"37":1,"38":1,"39":0,"40":1,"41":1,"42":1,"43":1,"44":1,"45":1,"46":0,"47":1,"48":1,"49":1,"50":1,"51":0,"52":1,"53":1,"54":1,"55":1,"56":1,"57":0},"f":{"0":0,"1":5,"2":1,"3":1,"4":1,"5":1,"6":1,"7":1,"8":1},"b":{"0":[4,1],"1":[0,1],"2":[0,1],"3":[0,1]},"_coverageSchema":"1a1c01bbd47fc00a2c39e90264f33305004495a9","hash":"b2a1936436d905c556006301cf0ca77cf11446ec"}
,"C:\\Users\\luis.colorado\\Desktop\\ADD\\challenge_addika_posts\\src\\controllers\\usersController.js": {"path":"C:\\Users\\luis.colorado\\Desktop\\ADD\\challenge_addika_posts\\src\\controllers\\usersController.js","statementMap":{"0":{"start":{"line":1,"column":15},"end":{"line":1,"column":38}},"1":{"start":{"line":2,"column":29},"end":{"line":2,"column":57}},"2":{"start":{"line":3,"column":15},"end":{"line":3,"column":34}},"3":{"start":{"line":4,"column":12},"end":{"line":4,"column":35}},"4":{"start":{"line":6,"column":0},"end":{"line":37,"column":2}},"5":{"start":{"line":8,"column":4},"end":{"line":35,"column":5}},"6":{"start":{"line":10,"column":25},"end":{"line":16,"column":14}},"7":{"start":{"line":18,"column":8},"end":{"line":23,"column":11}},"8":{"start":{"line":28,"column":8},"end":{"line":33,"column":11}},"9":{"start":{"line":40,"column":0},"end":{"line":112,"column":2}},"10":{"start":{"line":42,"column":4},"end":{"line":110,"column":5}},"11":{"start":{"line":44,"column":23},"end":{"line":44,"column":44}},"12":{"start":{"line":45,"column":8},"end":{"line":50,"column":14}},"13":{"start":{"line":46,"column":12},"end":{"line":50,"column":14}},"14":{"start":{"line":53,"column":25},"end":{"line":53,"column":28}},"15":{"start":{"line":55,"column":36},"end":{"line":64,"column":14}},"16":{"start":{"line":66,"column":21},"end":{"line":66,"column":43}},"17":{"start":{"line":68,"column":8},"end":{"line":99,"column":9}},"18":{"start":{"line":70,"column":12},"end":{"line":74,"column":15}},"19":{"start":{"line":78,"column":12},"end":{"line":90,"column":19}},"20":{"start":{"line":93,"column":12},"end":{"line":97,"column":15}},"21":{"start":{"line":104,"column":8},"end":{"line":108,"column":11}},"22":{"start":{"line":115,"column":0},"end":{"line":149,"column":2}},"23":{"start":{"line":116,"column":4},"end":{"line":147,"column":5}},"24":{"start":{"line":117,"column":25},"end":{"line":117,"column":28}},"25":{"start":{"line":119,"column":25},"end":{"line":128,"column":14}},"26":{"start":{"line":130,"column":8},"end":{"line":135,"column":11}},"27":{"start":{"line":140,"column":8},"end":{"line":145,"column":11}},"28":{"start":{"line":152,"column":0},"end":{"line":197,"column":1}},"29":{"start":{"line":153,"column":4},"end":{"line":196,"column":5}},"30":{"start":{"line":155,"column":23},"end":{"line":155,"column":44}},"31":{"start":{"line":156,"column":8},"end":{"line":161,"column":14}},"32":{"start":{"line":157,"column":12},"end":{"line":161,"column":14}},"33":{"start":{"line":164,"column":25},"end":{"line":164,"column":28}},"34":{"start":{"line":166,"column":8},"end":{"line":178,"column":9}},"35":{"start":{"line":181,"column":8},"end":{"line":185,"column":11}},"36":{"start":{"line":190,"column":8},"end":{"line":194,"column":11}},"37":{"start":{"line":200,"column":0},"end":{"line":258,"column":1}},"38":{"start":{"line":201,"column":4},"end":{"line":257,"column":5}},"39":{"start":{"line":202,"column":27},"end":{"line":202,"column":30}},"40":{"start":{"line":204,"column":8},"end":{"line":240,"column":11}},"41":{"start":{"line":207,"column":12},"end":{"line":216,"column":39}},"42":{"start":{"line":219,"column":12},"end":{"line":227,"column":39}},"43":{"start":{"line":230,"column":12},"end":{"line":238,"column":39}},"44":{"start":{"line":242,"column":8},"end":{"line":246,"column":11}},"45":{"start":{"line":251,"column":8},"end":{"line":255,"column":11}},"46":{"start":{"line":262,"column":0},"end":{"line":343,"column":1}},"47":{"start":{"line":264,"column":4},"end":{"line":340,"column":5}},"48":{"start":{"line":266,"column":23},"end":{"line":266,"column":44}},"49":{"start":{"line":267,"column":8},"end":{"line":272,"column":14}},"50":{"start":{"line":268,"column":12},"end":{"line":272,"column":14}},"51":{"start":{"line":275,"column":25},"end":{"line":275,"column":28}},"52":{"start":{"line":277,"column":25},"end":{"line":284,"column":10}},"53":{"start":{"line":286,"column":21},"end":{"line":286,"column":32}},"54":{"start":{"line":288,"column":8},"end":{"line":330,"column":9}},"55":{"start":{"line":290,"column":28},"end":{"line":290,"column":76}},"56":{"start":{"line":292,"column":12},"end":{"line":319,"column":13}},"57":{"start":{"line":294,"column":30},"end":{"line":300,"column":18}},"58":{"start":{"line":303,"column":16},"end":{"line":307,"column":19}},"59":{"start":{"line":311,"column":16},"end":{"line":316,"column":19}},"60":{"start":{"line":323,"column":12},"end":{"line":328,"column":15}},"61":{"start":{"line":335,"column":8},"end":{"line":339,"column":11}}},"fnMap":{"0":{"name":"(anonymous_0)","decl":{"start":{"line":6,"column":16},"end":{"line":6,"column":17}},"loc":{"start":{"line":6,"column":36},"end":{"line":37,"column":1}},"line":6},"1":{"name":"(anonymous_1)","decl":{"start":{"line":40,"column":16},"end":{"line":40,"column":17}},"loc":{"start":{"line":40,"column":36},"end":{"line":112,"column":1}},"line":40},"2":{"name":"(anonymous_2)","decl":{"start":{"line":115,"column":15},"end":{"line":115,"column":16}},"loc":{"start":{"line":115,"column":35},"end":{"line":149,"column":1}},"line":115},"3":{"name":"(anonymous_3)","decl":{"start":{"line":152,"column":17},"end":{"line":152,"column":18}},"loc":{"start":{"line":152,"column":37},"end":{"line":197,"column":1}},"line":152},"4":{"name":"(anonymous_4)","decl":{"start":{"line":200,"column":17},"end":{"line":200,"column":18}},"loc":{"start":{"line":200,"column":37},"end":{"line":258,"column":1}},"line":200},"5":{"name":"(anonymous_5)","decl":{"start":{"line":204,"column":29},"end":{"line":204,"column":30}},"loc":{"start":{"line":204,"column":42},"end":{"line":240,"column":9}},"line":204},"6":{"name":"(anonymous_6)","decl":{"start":{"line":262,"column":16},"end":{"line":262,"column":17}},"loc":{"start":{"line":262,"column":36},"end":{"line":343,"column":1}},"line":262}},"branchMap":{"0":{"loc":{"start":{"line":45,"column":8},"end":{"line":50,"column":14}},"type":"if","locations":[{"start":{"line":45,"column":8},"end":{"line":50,"column":14}},{"start":{},"end":{}}],"line":45},"1":{"loc":{"start":{"line":68,"column":8},"end":{"line":99,"column":9}},"type":"if","locations":[{"start":{"line":68,"column":8},"end":{"line":99,"column":9}},{"start":{"line":76,"column":15},"end":{"line":99,"column":9}}],"line":68},"2":{"loc":{"start":{"line":156,"column":8},"end":{"line":161,"column":14}},"type":"if","locations":[{"start":{"line":156,"column":8},"end":{"line":161,"column":14}},{"start":{},"end":{}}],"line":156},"3":{"loc":{"start":{"line":267,"column":8},"end":{"line":272,"column":14}},"type":"if","locations":[{"start":{"line":267,"column":8},"end":{"line":272,"column":14}},{"start":{},"end":{}}],"line":267},"4":{"loc":{"start":{"line":288,"column":8},"end":{"line":330,"column":9}},"type":"if","locations":[{"start":{"line":288,"column":8},"end":{"line":330,"column":9}},{"start":{"line":321,"column":15},"end":{"line":330,"column":9}}],"line":288},"5":{"loc":{"start":{"line":292,"column":12},"end":{"line":319,"column":13}},"type":"if","locations":[{"start":{"line":292,"column":12},"end":{"line":319,"column":13}},{"start":{"line":309,"column":19},"end":{"line":319,"column":13}}],"line":292}},"s":{"0":1,"1":1,"2":1,"3":1,"4":1,"5":1,"6":1,"7":1,"8":0,"9":1,"10":2,"11":2,"12":2,"13":0,"14":2,"15":2,"16":2,"17":2,"18":1,"19":1,"20":1,"21":0,"22":1,"23":1,"24":1,"25":1,"26":1,"27":0,"28":1,"29":1,"30":1,"31":1,"32":0,"33":1,"34":1,"35":1,"36":0,"37":1,"38":1,"39":1,"40":1,"41":1,"42":1,"43":1,"44":1,"45":0,"46":1,"47":3,"48":3,"49":3,"50":1,"51":2,"52":2,"53":2,"54":2,"55":1,"56":1,"57":1,"58":1,"59":0,"60":1,"61":1},"f":{"0":1,"1":2,"2":1,"3":1,"4":1,"5":1,"6":3},"b":{"0":[0,2],"1":[1,1],"2":[0,1],"3":[1,2],"4":[1,1],"5":[1,0]},"_coverageSchema":"1a1c01bbd47fc00a2c39e90264f33305004495a9","hash":"38dae47bfcf79054a876558467639c345e590f37"}
,"C:\\Users\\luis.colorado\\Desktop\\ADD\\challenge_addika_posts\\src\\middleware\\authentication.js": {"path":"C:\\Users\\luis.colorado\\Desktop\\ADD\\challenge_addika_posts\\src\\middleware\\authentication.js","statementMap":{"0":{"start":{"line":1,"column":12},"end":{"line":1,"column":35}},"1":{"start":{"line":2,"column":15},"end":{"line":2,"column":38}},"2":{"start":{"line":3,"column":18},"end":{"line":3,"column":43}},"3":{"start":{"line":4,"column":29},"end":{"line":4,"column":57}},"4":{"start":{"line":7,"column":0},"end":{"line":43,"column":2}},"5":{"start":{"line":9,"column":21},"end":{"line":9,"column":24}},"6":{"start":{"line":11,"column":26},"end":{"line":11,"column":50}},"7":{"start":{"line":13,"column":16},"end":{"line":13,"column":18}},"8":{"start":{"line":15,"column":4},"end":{"line":17,"column":5}},"9":{"start":{"line":16,"column":8},"end":{"line":16,"column":44}},"10":{"start":{"line":19,"column":23},"end":{"line":19,"column":25}},"11":{"start":{"line":21,"column":4},"end":{"line":25,"column":5}},"12":{"start":{"line":22,"column":8},"end":{"line":22,"column":67}},"13":{"start":{"line":24,"column":8},"end":{"line":24,"column":27}},"14":{"start":{"line":29,"column":4},"end":{"line":41,"column":5}},"15":{"start":{"line":31,"column":8},"end":{"line":35,"column":11}},"16":{"start":{"line":39,"column":8},"end":{"line":39,"column":15}},"17":{"start":{"line":46,"column":0},"end":{"line":100,"column":2}},"18":{"start":{"line":48,"column":4},"end":{"line":98,"column":5}},"19":{"start":{"line":51,"column":23},"end":{"line":51,"column":44}},"20":{"start":{"line":52,"column":8},"end":{"line":57,"column":14}},"21":{"start":{"line":53,"column":12},"end":{"line":57,"column":14}},"22":{"start":{"line":59,"column":25},"end":{"line":59,"column":28}},"23":{"start":{"line":61,"column":23},"end":{"line":73,"column":14}},"24":{"start":{"line":75,"column":8},"end":{"line":87,"column":9}},"25":{"start":{"line":77,"column":12},"end":{"line":81,"column":15}},"26":{"start":{"line":85,"column":12},"end":{"line":85,"column":19}},"27":{"start":{"line":92,"column":8},"end":{"line":96,"column":11}},"28":{"start":{"line":103,"column":0},"end":{"line":160,"column":2}},"29":{"start":{"line":105,"column":4},"end":{"line":158,"column":5}},"30":{"start":{"line":108,"column":23},"end":{"line":108,"column":44}},"31":{"start":{"line":109,"column":8},"end":{"line":114,"column":14}},"32":{"start":{"line":110,"column":12},"end":{"line":114,"column":14}},"33":{"start":{"line":116,"column":25},"end":{"line":116,"column":28}},"34":{"start":{"line":118,"column":23},"end":{"line":133,"column":14}},"35":{"start":{"line":135,"column":8},"end":{"line":147,"column":9}},"36":{"start":{"line":137,"column":12},"end":{"line":141,"column":15}},"37":{"start":{"line":145,"column":12},"end":{"line":145,"column":19}},"38":{"start":{"line":152,"column":8},"end":{"line":156,"column":11}},"39":{"start":{"line":162,"column":0},"end":{"line":218,"column":2}},"40":{"start":{"line":164,"column":4},"end":{"line":216,"column":5}},"41":{"start":{"line":166,"column":23},"end":{"line":166,"column":44}},"42":{"start":{"line":167,"column":8},"end":{"line":172,"column":14}},"43":{"start":{"line":168,"column":12},"end":{"line":172,"column":14}},"44":{"start":{"line":174,"column":25},"end":{"line":174,"column":28}},"45":{"start":{"line":176,"column":23},"end":{"line":191,"column":14}},"46":{"start":{"line":193,"column":8},"end":{"line":205,"column":9}},"47":{"start":{"line":195,"column":12},"end":{"line":199,"column":15}},"48":{"start":{"line":203,"column":12},"end":{"line":203,"column":19}},"49":{"start":{"line":210,"column":8},"end":{"line":214,"column":11}},"50":{"start":{"line":221,"column":0},"end":{"line":278,"column":2}},"51":{"start":{"line":223,"column":4},"end":{"line":276,"column":5}},"52":{"start":{"line":226,"column":23},"end":{"line":226,"column":44}},"53":{"start":{"line":227,"column":8},"end":{"line":232,"column":14}},"54":{"start":{"line":228,"column":12},"end":{"line":232,"column":14}},"55":{"start":{"line":234,"column":25},"end":{"line":234,"column":28}},"56":{"start":{"line":236,"column":23},"end":{"line":251,"column":14}},"57":{"start":{"line":253,"column":8},"end":{"line":265,"column":9}},"58":{"start":{"line":255,"column":12},"end":{"line":259,"column":15}},"59":{"start":{"line":263,"column":12},"end":{"line":263,"column":19}},"60":{"start":{"line":270,"column":8},"end":{"line":274,"column":11}}},"fnMap":{"0":{"name":"(anonymous_0)","decl":{"start":{"line":7,"column":22},"end":{"line":7,"column":23}},"loc":{"start":{"line":7,"column":48},"end":{"line":43,"column":1}},"line":7},"1":{"name":"(anonymous_1)","decl":{"start":{"line":46,"column":24},"end":{"line":46,"column":25}},"loc":{"start":{"line":46,"column":50},"end":{"line":100,"column":1}},"line":46},"2":{"name":"(anonymous_2)","decl":{"start":{"line":103,"column":45},"end":{"line":103,"column":46}},"loc":{"start":{"line":103,"column":71},"end":{"line":160,"column":1}},"line":103},"3":{"name":"(anonymous_3)","decl":{"start":{"line":162,"column":42},"end":{"line":162,"column":43}},"loc":{"start":{"line":162,"column":68},"end":{"line":218,"column":1}},"line":162},"4":{"name":"(anonymous_4)","decl":{"start":{"line":221,"column":51},"end":{"line":221,"column":52}},"loc":{"start":{"line":221,"column":77},"end":{"line":278,"column":1}},"line":221}},"branchMap":{"0":{"loc":{"start":{"line":15,"column":4},"end":{"line":17,"column":5}},"type":"if","locations":[{"start":{"line":15,"column":4},"end":{"line":17,"column":5}},{"start":{},"end":{}}],"line":15},"1":{"loc":{"start":{"line":15,"column":8},"end":{"line":15,"column":73}},"type":"binary-expr","locations":[{"start":{"line":15,"column":8},"end":{"line":15,"column":21}},{"start":{"line":15,"column":25},"end":{"line":15,"column":73}}],"line":15},"2":{"loc":{"start":{"line":29,"column":4},"end":{"line":41,"column":5}},"type":"if","locations":[{"start":{"line":29,"column":4},"end":{"line":41,"column":5}},{"start":{"line":37,"column":11},"end":{"line":41,"column":5}}],"line":29},"3":{"loc":{"start":{"line":29,"column":8},"end":{"line":29,"column":34}},"type":"binary-expr","locations":[{"start":{"line":29,"column":8},"end":{"line":29,"column":14}},{"start":{"line":29,"column":18},"end":{"line":29,"column":34}}],"line":29},"4":{"loc":{"start":{"line":52,"column":8},"end":{"line":57,"column":14}},"type":"if","locations":[{"start":{"line":52,"column":8},"end":{"line":57,"column":14}},{"start":{},"end":{}}],"line":52},"5":{"loc":{"start":{"line":75,"column":8},"end":{"line":87,"column":9}},"type":"if","locations":[{"start":{"line":75,"column":8},"end":{"line":87,"column":9}},{"start":{"line":83,"column":15},"end":{"line":87,"column":9}}],"line":75},"6":{"loc":{"start":{"line":75,"column":12},"end":{"line":75,"column":46}},"type":"binary-expr","locations":[{"start":{"line":75,"column":12},"end":{"line":75,"column":21}},{"start":{"line":75,"column":25},"end":{"line":75,"column":46}}],"line":75},"7":{"loc":{"start":{"line":109,"column":8},"end":{"line":114,"column":14}},"type":"if","locations":[{"start":{"line":109,"column":8},"end":{"line":114,"column":14}},{"start":{},"end":{}}],"line":109},"8":{"loc":{"start":{"line":135,"column":8},"end":{"line":147,"column":9}},"type":"if","locations":[{"start":{"line":135,"column":8},"end":{"line":147,"column":9}},{"start":{"line":143,"column":15},"end":{"line":147,"column":9}}],"line":135},"9":{"loc":{"start":{"line":135,"column":12},"end":{"line":135,"column":46}},"type":"binary-expr","locations":[{"start":{"line":135,"column":12},"end":{"line":135,"column":21}},{"start":{"line":135,"column":25},"end":{"line":135,"column":46}}],"line":135},"10":{"loc":{"start":{"line":167,"column":8},"end":{"line":172,"column":14}},"type":"if","locations":[{"start":{"line":167,"column":8},"end":{"line":172,"column":14}},{"start":{},"end":{}}],"line":167},"11":{"loc":{"start":{"line":193,"column":8},"end":{"line":205,"column":9}},"type":"if","locations":[{"start":{"line":193,"column":8},"end":{"line":205,"column":9}},{"start":{"line":201,"column":15},"end":{"line":205,"column":9}}],"line":193},"12":{"loc":{"start":{"line":193,"column":12},"end":{"line":193,"column":46}},"type":"binary-expr","locations":[{"start":{"line":193,"column":12},"end":{"line":193,"column":21}},{"start":{"line":193,"column":25},"end":{"line":193,"column":46}}],"line":193},"13":{"loc":{"start":{"line":227,"column":8},"end":{"line":232,"column":14}},"type":"if","locations":[{"start":{"line":227,"column":8},"end":{"line":232,"column":14}},{"start":{},"end":{}}],"line":227},"14":{"loc":{"start":{"line":253,"column":8},"end":{"line":265,"column":9}},"type":"if","locations":[{"start":{"line":253,"column":8},"end":{"line":265,"column":9}},{"start":{"line":261,"column":15},"end":{"line":265,"column":9}}],"line":253},"15":{"loc":{"start":{"line":253,"column":12},"end":{"line":253,"column":46}},"type":"binary-expr","locations":[{"start":{"line":253,"column":12},"end":{"line":253,"column":21}},{"start":{"line":253,"column":25},"end":{"line":253,"column":46}}],"line":253}},"s":{"0":1,"1":1,"2":1,"3":1,"4":1,"5":40,"6":40,"7":40,"8":40,"9":39,"10":40,"11":40,"12":40,"13":2,"14":40,"15":2,"16":38,"17":1,"18":19,"19":19,"20":19,"21":7,"22":12,"23":12,"24":12,"25":3,"26":9,"27":7,"28":1,"29":6,"30":6,"31":6,"32":2,"33":4,"34":4,"35":4,"36":2,"37":2,"38":2,"39":1,"40":3,"41":3,"42":3,"43":1,"44":2,"45":2,"46":2,"47":1,"48":1,"49":1,"50":1,"51":5,"52":5,"53":5,"54":3,"55":2,"56":2,"57":2,"58":0,"59":2,"60":3},"f":{"0":40,"1":19,"2":6,"3":3,"4":5},"b":{"0":[39,1],"1":[40,39],"2":[2,38],"3":[40,39],"4":[7,12],"5":[3,9],"6":[12,12],"7":[2,4],"8":[2,2],"9":[4,4],"10":[1,2],"11":[1,1],"12":[2,2],"13":[3,2],"14":[0,2],"15":[2,2]},"_coverageSchema":"1a1c01bbd47fc00a2c39e90264f33305004495a9","hash":"bbabd2d2f9e554fcc236949672719072939e10d2"}
,"C:\\Users\\luis.colorado\\Desktop\\ADD\\challenge_addika_posts\\src\\routes\\routesComments.js": {"path":"C:\\Users\\luis.colorado\\Desktop\\ADD\\challenge_addika_posts\\src\\routes\\routesComments.js","statementMap":{"0":{"start":{"line":1,"column":16},"end":{"line":1,"column":34}},"1":{"start":{"line":2,"column":15},"end":{"line":2,"column":31}},"2":{"start":{"line":3,"column":18},"end":{"line":3,"column":46}},"3":{"start":{"line":4,"column":27},"end":{"line":4,"column":71}},"4":{"start":{"line":5,"column":24},"end":{"line":5,"column":63}},"5":{"start":{"line":6,"column":47},"end":{"line":6,"column":86}},"6":{"start":{"line":8,"column":0},"end":{"line":8,"column":63}},"7":{"start":{"line":10,"column":0},"end":{"line":14,"column":58}},"8":{"start":{"line":17,"column":0},"end":{"line":22,"column":33}},"9":{"start":{"line":24,"column":0},"end":{"line":24,"column":53}},"10":{"start":{"line":26,"column":0},"end":{"line":32,"column":83}},"11":{"start":{"line":35,"column":0},"end":{"line":40,"column":47}},"12":{"start":{"line":44,"column":0},"end":{"line":44,"column":24}}},"fnMap":{},"branchMap":{},"s":{"0":1,"1":1,"2":1,"3":1,"4":1,"5":1,"6":1,"7":1,"8":1,"9":1,"10":1,"11":1,"12":1},"f":{},"b":{},"_coverageSchema":"1a1c01bbd47fc00a2c39e90264f33305004495a9","hash":"d856aa2792fa9b4b6e367cf35fc7bcc720bbb5f1"}
,"C:\\Users\\luis.colorado\\Desktop\\ADD\\challenge_addika_posts\\src\\routes\\routesLogs.js": {"path":"C:\\Users\\luis.colorado\\Desktop\\ADD\\challenge_addika_posts\\src\\routes\\routesLogs.js","statementMap":{"0":{"start":{"line":1,"column":16},"end":{"line":1,"column":34}},"1":{"start":{"line":2,"column":15},"end":{"line":2,"column":31}},"2":{"start":{"line":3,"column":18},"end":{"line":3,"column":46}},"3":{"start":{"line":4,"column":23},"end":{"line":4,"column":63}},"4":{"start":{"line":5,"column":24},"end":{"line":5,"column":63}},"5":{"start":{"line":6,"column":26},"end":{"line":6,"column":65}},"6":{"start":{"line":8,"column":0},"end":{"line":13,"column":54}},"7":{"start":{"line":16,"column":0},"end":{"line":16,"column":24}}},"fnMap":{},"branchMap":{},"s":{"0":1,"1":1,"2":1,"3":1,"4":1,"5":1,"6":1,"7":1},"f":{},"b":{},"_coverageSchema":"1a1c01bbd47fc00a2c39e90264f33305004495a9","hash":"7cfdc228d9f699ab61064164fa55ef28c3f9ad5f"}
,"C:\\Users\\luis.colorado\\Desktop\\ADD\\challenge_addika_posts\\src\\routes\\routesPermissions.js": {"path":"C:\\Users\\luis.colorado\\Desktop\\ADD\\challenge_addika_posts\\src\\routes\\routesPermissions.js","statementMap":{"0":{"start":{"line":1,"column":16},"end":{"line":1,"column":34}},"1":{"start":{"line":2,"column":15},"end":{"line":2,"column":31}},"2":{"start":{"line":3,"column":18},"end":{"line":3,"column":46}},"3":{"start":{"line":4,"column":30},"end":{"line":4,"column":77}},"4":{"start":{"line":5,"column":24},"end":{"line":5,"column":63}},"5":{"start":{"line":6,"column":26},"end":{"line":6,"column":65}},"6":{"start":{"line":8,"column":0},"end":{"line":17,"column":61}},"7":{"start":{"line":19,"column":0},"end":{"line":28,"column":72}},"8":{"start":{"line":31,"column":0},"end":{"line":31,"column":24}}},"fnMap":{},"branchMap":{},"s":{"0":1,"1":1,"2":1,"3":1,"4":1,"5":1,"6":1,"7":1,"8":1},"f":{},"b":{},"_coverageSchema":"1a1c01bbd47fc00a2c39e90264f33305004495a9","hash":"c64e0dae19e04ac60b7f01687f7007e79c76076c"}
,"C:\\Users\\luis.colorado\\Desktop\\ADD\\challenge_addika_posts\\src\\routes\\routesPost.js": {"path":"C:\\Users\\luis.colorado\\Desktop\\ADD\\challenge_addika_posts\\src\\routes\\routesPost.js","statementMap":{"0":{"start":{"line":1,"column":16},"end":{"line":1,"column":34}},"1":{"start":{"line":2,"column":15},"end":{"line":2,"column":31}},"2":{"start":{"line":3,"column":18},"end":{"line":3,"column":46}},"3":{"start":{"line":4,"column":24},"end":{"line":4,"column":65}},"4":{"start":{"line":5,"column":99},"end":{"line":5,"column":138}},"5":{"start":{"line":7,"column":0},"end":{"line":7,"column":44}},"6":{"start":{"line":9,"column":0},"end":{"line":16,"column":36}},"7":{"start":{"line":18,"column":0},"end":{"line":18,"column":47}},"8":{"start":{"line":20,"column":0},"end":{"line":26,"column":82}},"9":{"start":{"line":28,"column":0},"end":{"line":35,"column":83}},"10":{"start":{"line":38,"column":0},"end":{"line":46,"column":74}},"11":{"start":{"line":50,"column":0},"end":{"line":50,"column":24}}},"fnMap":{},"branchMap":{},"s":{"0":1,"1":1,"2":1,"3":1,"4":1,"5":1,"6":1,"7":1,"8":1,"9":1,"10":1,"11":1},"f":{},"b":{},"_coverageSchema":"1a1c01bbd47fc00a2c39e90264f33305004495a9","hash":"6cbcee5c609eb35fc63d661a55bfd03ebff4ba25"}
,"C:\\Users\\luis.colorado\\Desktop\\ADD\\challenge_addika_posts\\src\\routes\\routesUsers.js": {"path":"C:\\Users\\luis.colorado\\Desktop\\ADD\\challenge_addika_posts\\src\\routes\\routesUsers.js","statementMap":{"0":{"start":{"line":1,"column":16},"end":{"line":1,"column":34}},"1":{"start":{"line":2,"column":15},"end":{"line":2,"column":31}},"2":{"start":{"line":3,"column":18},"end":{"line":3,"column":46}},"3":{"start":{"line":4,"column":24},"end":{"line":4,"column":65}},"4":{"start":{"line":5,"column":24},"end":{"line":5,"column":63}},"5":{"start":{"line":6,"column":26},"end":{"line":6,"column":65}},"6":{"start":{"line":8,"column":0},"end":{"line":13,"column":55}},"7":{"start":{"line":15,"column":0},"end":{"line":23,"column":55}},"8":{"start":{"line":25,"column":0},"end":{"line":32,"column":54}},"9":{"start":{"line":34,"column":0},"end":{"line":42,"column":56}},"10":{"start":{"line":44,"column":0},"end":{"line":49,"column":58}},"11":{"start":{"line":51,"column":0},"end":{"line":57,"column":27}},"12":{"start":{"line":60,"column":0},"end":{"line":60,"column":24}}},"fnMap":{},"branchMap":{},"s":{"0":1,"1":1,"2":1,"3":1,"4":1,"5":1,"6":1,"7":1,"8":1,"9":1,"10":1,"11":1,"12":1},"f":{},"b":{},"_coverageSchema":"1a1c01bbd47fc00a2c39e90264f33305004495a9","hash":"0d321d850027633d312ba4f22cddfbf754c3bf38"}
}
