{"C:\\Users\\luis.colorado\\Desktop\\ADD\\challenge_addika_posts\\src\\config\\db.js": {"path":"C:\\Users\\luis.colorado\\Desktop\\ADD\\challenge_addika_posts\\src\\config\\db.js","statementMap":{"0":{"start":{"line":1,"column":22},"end":{"line":1,"column":42}},"1":{"start":{"line":2,"column":0},"end":{"line":2,"column":27}},"2":{"start":{"line":4,"column":11},"end":{"line":13,"column":1}},"3":{"start":{"line":15,"column":0},"end":{"line":15,"column":16}}},"fnMap":{},"branchMap":{},"s":{"0":1,"1":1,"2":1,"3":1},"f":{},"b":{},"_coverageSchema":"1a1c01bbd47fc00a2c39e90264f33305004495a9","hash":"030aee2427225bd6d049d13525fef60741893a67"}
,"C:\\Users\\luis.colorado\\Desktop\\ADD\\challenge_addika_posts\\src\\config\\util.js": {"path":"C:\\Users\\luis.colorado\\Desktop\\ADD\\challenge_addika_posts\\src\\config\\util.js","statementMap":{"0":{"start":{"line":1,"column":0},"end":{"line":4,"column":1}},"1":{"start":{"line":7,"column":0},"end":{"line":11,"column":1}}},"fnMap":{},"branchMap":{},"s":{"0":1,"1":1},"f":{},"b":{},"_coverageSchema":"1a1c01bbd47fc00a2c39e90264f33305004495a9","hash":"c3dd0d9f82aed11d37dc98e4cf88c985c513396b"}
,"C:\\Users\\luis.colorado\\Desktop\\ADD\\challenge_addika_posts\\src\\controllers\\commentsController.js": {"path":"C:\\Users\\luis.colorado\\Desktop\\ADD\\challenge_addika_posts\\src\\controllers\\commentsController.js","statementMap":{"0":{"start":{"line":1,"column":15},"end":{"line":1,"column":38}},"1":{"start":{"line":2,"column":29},"end":{"line":2,"column":57}},"2":{"start":{"line":4,"column":0},"end":{"line":35,"column":2}},"3":{"start":{"line":6,"column":4},"end":{"line":33,"column":5}},"4":{"start":{"line":7,"column":25},"end":{"line":13,"column":14}},"5":{"start":{"line":15,"column":8},"end":{"line":20,"column":11}},"6":{"start":{"line":24,"column":8},"end":{"line":24,"column":27}},"7":{"start":{"line":26,"column":8},"end":{"line":31,"column":11}},"8":{"start":{"line":37,"column":0},"end":{"line":80,"column":2}},"9":{"start":{"line":39,"column":4},"end":{"line":78,"column":5}},"10":{"start":{"line":41,"column":23},"end":{"line":41,"column":44}},"11":{"start":{"line":42,"column":8},"end":{"line":43,"column":48}},"12":{"start":{"line":43,"column":12},"end":{"line":43,"column":48}},"13":{"start":{"line":45,"column":25},"end":{"line":45,"column":28}},"14":{"start":{"line":47,"column":25},"end":{"line":58,"column":14}},"15":{"start":{"line":60,"column":8},"end":{"line":65,"column":11}},"16":{"start":{"line":69,"column":8},"end":{"line":69,"column":27}},"17":{"start":{"line":71,"column":8},"end":{"line":76,"column":11}},"18":{"start":{"line":82,"column":0},"end":{"line":128,"column":2}},"19":{"start":{"line":84,"column":4},"end":{"line":126,"column":5}},"20":{"start":{"line":86,"column":23},"end":{"line":86,"column":44}},"21":{"start":{"line":87,"column":8},"end":{"line":88,"column":48}},"22":{"start":{"line":88,"column":12},"end":{"line":88,"column":48}},"23":{"start":{"line":90,"column":25},"end":{"line":90,"column":28}},"24":{"start":{"line":92,"column":8},"end":{"line":92,"column":49}},"25":{"start":{"line":94,"column":25},"end":{"line":106,"column":14}},"26":{"start":{"line":108,"column":28},"end":{"line":108,"column":53}},"27":{"start":{"line":110,"column":8},"end":{"line":114,"column":11}},"28":{"start":{"line":118,"column":8},"end":{"line":118,"column":27}},"29":{"start":{"line":120,"column":8},"end":{"line":124,"column":11}},"30":{"start":{"line":131,"column":0},"end":{"line":163,"column":2}},"31":{"start":{"line":132,"column":4},"end":{"line":161,"column":5}},"32":{"start":{"line":133,"column":27},"end":{"line":133,"column":30}},"33":{"start":{"line":135,"column":25},"end":{"line":141,"column":10}},"34":{"start":{"line":143,"column":8},"end":{"line":148,"column":11}},"35":{"start":{"line":152,"column":8},"end":{"line":152,"column":27}},"36":{"start":{"line":154,"column":8},"end":{"line":159,"column":11}},"37":{"start":{"line":166,"column":0},"end":{"line":204,"column":1}},"38":{"start":{"line":167,"column":4},"end":{"line":203,"column":5}},"39":{"start":{"line":169,"column":23},"end":{"line":169,"column":44}},"40":{"start":{"line":170,"column":8},"end":{"line":171,"column":48}},"41":{"start":{"line":171,"column":12},"end":{"line":171,"column":48}},"42":{"start":{"line":173,"column":25},"end":{"line":173,"column":28}},"43":{"start":{"line":175,"column":8},"end":{"line":186,"column":9}},"44":{"start":{"line":188,"column":8},"end":{"line":192,"column":11}},"45":{"start":{"line":195,"column":8},"end":{"line":195,"column":27}},"46":{"start":{"line":197,"column":8},"end":{"line":201,"column":11}},"47":{"start":{"line":207,"column":0},"end":{"line":256,"column":1}},"48":{"start":{"line":208,"column":4},"end":{"line":255,"column":5}},"49":{"start":{"line":210,"column":23},"end":{"line":210,"column":44}},"50":{"start":{"line":211,"column":8},"end":{"line":212,"column":48}},"51":{"start":{"line":212,"column":12},"end":{"line":212,"column":48}},"52":{"start":{"line":215,"column":25},"end":{"line":215,"column":28}},"53":{"start":{"line":217,"column":8},"end":{"line":238,"column":11}},"54":{"start":{"line":220,"column":12},"end":{"line":228,"column":39}},"55":{"start":{"line":231,"column":12},"end":{"line":236,"column":34}},"56":{"start":{"line":241,"column":8},"end":{"line":245,"column":11}},"57":{"start":{"line":248,"column":8},"end":{"line":248,"column":27}},"58":{"start":{"line":250,"column":8},"end":{"line":254,"column":11}}},"fnMap":{"0":{"name":"(anonymous_0)","decl":{"start":{"line":4,"column":16},"end":{"line":4,"column":17}},"loc":{"start":{"line":4,"column":36},"end":{"line":35,"column":1}},"line":4},"1":{"name":"(anonymous_1)","decl":{"start":{"line":37,"column":28},"end":{"line":37,"column":29}},"loc":{"start":{"line":37,"column":48},"end":{"line":80,"column":1}},"line":37},"2":{"name":"(anonymous_2)","decl":{"start":{"line":82,"column":16},"end":{"line":82,"column":17}},"loc":{"start":{"line":82,"column":36},"end":{"line":128,"column":1}},"line":82},"3":{"name":"(anonymous_3)","decl":{"start":{"line":131,"column":15},"end":{"line":131,"column":16}},"loc":{"start":{"line":131,"column":35},"end":{"line":163,"column":1}},"line":131},"4":{"name":"(anonymous_4)","decl":{"start":{"line":166,"column":17},"end":{"line":166,"column":18}},"loc":{"start":{"line":166,"column":37},"end":{"line":204,"column":1}},"line":166},"5":{"name":"(anonymous_5)","decl":{"start":{"line":207,"column":17},"end":{"line":207,"column":18}},"loc":{"start":{"line":207,"column":37},"end":{"line":256,"column":1}},"line":207},"6":{"name":"(anonymous_6)","decl":{"start":{"line":217,"column":29},"end":{"line":217,"column":30}},"loc":{"start":{"line":217,"column":42},"end":{"line":238,"column":9}},"line":217}},"branchMap":{"0":{"loc":{"start":{"line":29,"column":29},"end":{"line":29,"column":78}},"type":"cond-expr","locations":[{"start":{"line":29,"column":47},"end":{"line":29,"column":60}},{"start":{"line":29,"column":63},"end":{"line":29,"column":78}}],"line":29},"1":{"loc":{"start":{"line":42,"column":8},"end":{"line":43,"column":48}},"type":"if","locations":[{"start":{"line":42,"column":8},"end":{"line":43,"column":48}},{"start":{},"end":{}}],"line":42},"2":{"loc":{"start":{"line":74,"column":29},"end":{"line":74,"column":78}},"type":"cond-expr","locations":[{"start":{"line":74,"column":47},"end":{"line":74,"column":60}},{"start":{"line":74,"column":63},"end":{"line":74,"column":78}}],"line":74},"3":{"loc":{"start":{"line":87,"column":8},"end":{"line":88,"column":48}},"type":"if","locations":[{"start":{"line":87,"column":8},"end":{"line":88,"column":48}},{"start":{},"end":{}}],"line":87},"4":{"loc":{"start":{"line":103,"column":29},"end":{"line":103,"column":66}},"type":"cond-expr","locations":[{"start":{"line":103,"column":47},"end":{"line":103,"column":51}},{"start":{"line":103,"column":54},"end":{"line":103,"column":66}}],"line":103},"5":{"loc":{"start":{"line":104,"column":39},"end":{"line":104,"column":96}},"type":"cond-expr","locations":[{"start":{"line":104,"column":67},"end":{"line":104,"column":71}},{"start":{"line":104,"column":74},"end":{"line":104,"column":96}}],"line":104},"6":{"loc":{"start":{"line":122,"column":29},"end":{"line":122,"column":78}},"type":"cond-expr","locations":[{"start":{"line":122,"column":47},"end":{"line":122,"column":60}},{"start":{"line":122,"column":63},"end":{"line":122,"column":78}}],"line":122},"7":{"loc":{"start":{"line":157,"column":29},"end":{"line":157,"column":78}},"type":"cond-expr","locations":[{"start":{"line":157,"column":47},"end":{"line":157,"column":60}},{"start":{"line":157,"column":63},"end":{"line":157,"column":78}}],"line":157},"8":{"loc":{"start":{"line":170,"column":8},"end":{"line":171,"column":48}},"type":"if","locations":[{"start":{"line":170,"column":8},"end":{"line":171,"column":48}},{"start":{},"end":{}}],"line":170},"9":{"loc":{"start":{"line":199,"column":29},"end":{"line":199,"column":78}},"type":"cond-expr","locations":[{"start":{"line":199,"column":47},"end":{"line":199,"column":60}},{"start":{"line":199,"column":63},"end":{"line":199,"column":78}}],"line":199},"10":{"loc":{"start":{"line":211,"column":8},"end":{"line":212,"column":48}},"type":"if","locations":[{"start":{"line":211,"column":8},"end":{"line":212,"column":48}},{"start":{},"end":{}}],"line":211},"11":{"loc":{"start":{"line":252,"column":29},"end":{"line":252,"column":78}},"type":"cond-expr","locations":[{"start":{"line":252,"column":47},"end":{"line":252,"column":60}},{"start":{"line":252,"column":63},"end":{"line":252,"column":78}}],"line":252}},"s":{"0":1,"1":1,"2":1,"3":0,"4":0,"5":0,"6":0,"7":0,"8":1,"9":0,"10":0,"11":0,"12":0,"13":0,"14":0,"15":0,"16":0,"17":0,"18":1,"19":0,"20":0,"21":0,"22":0,"23":0,"24":0,"25":0,"26":0,"27":0,"28":0,"29":0,"30":1,"31":0,"32":0,"33":0,"34":0,"35":0,"36":0,"37":1,"38":0,"39":0,"40":0,"41":0,"42":0,"43":0,"44":0,"45":0,"46":0,"47":1,"48":0,"49":0,"50":0,"51":0,"52":0,"53":0,"54":0,"55":0,"56":0,"57":0,"58":0},"f":{"0":0,"1":0,"2":0,"3":0,"4":0,"5":0,"6":0},"b":{"0":[0,0],"1":[0,0],"2":[0,0],"3":[0,0],"4":[0,0],"5":[0,0],"6":[0,0],"7":[0,0],"8":[0,0],"9":[0,0],"10":[0,0],"11":[0,0]},"_coverageSchema":"1a1c01bbd47fc00a2c39e90264f33305004495a9","hash":"d6367f41f2bf68314ebb9c668efdf3eaf9f1e03f"}
,"C:\\Users\\luis.colorado\\Desktop\\ADD\\challenge_addika_posts\\src\\controllers\\logsController.js": {"path":"C:\\Users\\luis.colorado\\Desktop\\ADD\\challenge_addika_posts\\src\\controllers\\logsController.js","statementMap":{"0":{"start":{"line":1,"column":15},"end":{"line":1,"column":38}},"1":{"start":{"line":2,"column":29},"end":{"line":2,"column":57}},"2":{"start":{"line":4,"column":0},"end":{"line":28,"column":2}},"3":{"start":{"line":6,"column":4},"end":{"line":26,"column":5}},"4":{"start":{"line":8,"column":23},"end":{"line":8,"column":44}},"5":{"start":{"line":9,"column":8},"end":{"line":10,"column":48}},"6":{"start":{"line":10,"column":12},"end":{"line":10,"column":48}},"7":{"start":{"line":13,"column":25},"end":{"line":18,"column":14}},"8":{"start":{"line":20,"column":8},"end":{"line":20,"column":27}},"9":{"start":{"line":24,"column":8},"end":{"line":24,"column":27}},"10":{"start":{"line":25,"column":8},"end":{"line":25,"column":37}}},"fnMap":{"0":{"name":"(anonymous_0)","decl":{"start":{"line":4,"column":16},"end":{"line":4,"column":17}},"loc":{"start":{"line":4,"column":36},"end":{"line":28,"column":1}},"line":4}},"branchMap":{"0":{"loc":{"start":{"line":9,"column":8},"end":{"line":10,"column":48}},"type":"if","locations":[{"start":{"line":9,"column":8},"end":{"line":10,"column":48}},{"start":{},"end":{}}],"line":9}},"s":{"0":1,"1":1,"2":1,"3":0,"4":0,"5":0,"6":0,"7":0,"8":0,"9":0,"10":0},"f":{"0":0},"b":{"0":[0,0]},"_coverageSchema":"1a1c01bbd47fc00a2c39e90264f33305004495a9","hash":"7e116ea62a49263e1a96b7b1eef6116ee9859e2b"}
,"C:\\Users\\luis.colorado\\Desktop\\ADD\\challenge_addika_posts\\src\\controllers\\permissionsController.js": {"path":"C:\\Users\\luis.colorado\\Desktop\\ADD\\challenge_addika_posts\\src\\controllers\\permissionsController.js","statementMap":{"0":{"start":{"line":1,"column":15},"end":{"line":1,"column":38}},"1":{"start":{"line":2,"column":29},"end":{"line":2,"column":57}},"2":{"start":{"line":5,"column":0},"end":{"line":45,"column":2}},"3":{"start":{"line":6,"column":4},"end":{"line":43,"column":5}},"4":{"start":{"line":8,"column":23},"end":{"line":8,"column":44}},"5":{"start":{"line":9,"column":8},"end":{"line":10,"column":48}},"6":{"start":{"line":10,"column":12},"end":{"line":10,"column":48}},"7":{"start":{"line":13,"column":25},"end":{"line":13,"column":28}},"8":{"start":{"line":15,"column":8},"end":{"line":25,"column":14}},"9":{"start":{"line":27,"column":8},"end":{"line":31,"column":11}},"10":{"start":{"line":35,"column":8},"end":{"line":35,"column":27}},"11":{"start":{"line":37,"column":8},"end":{"line":41,"column":11}},"12":{"start":{"line":47,"column":0},"end":{"line":82,"column":1}},"13":{"start":{"line":48,"column":4},"end":{"line":81,"column":5}},"14":{"start":{"line":49,"column":25},"end":{"line":49,"column":28}},"15":{"start":{"line":51,"column":8},"end":{"line":62,"column":14}},"16":{"start":{"line":65,"column":8},"end":{"line":69,"column":11}},"17":{"start":{"line":73,"column":8},"end":{"line":73,"column":27}},"18":{"start":{"line":75,"column":8},"end":{"line":79,"column":11}}},"fnMap":{"0":{"name":"(anonymous_0)","decl":{"start":{"line":5,"column":16},"end":{"line":5,"column":17}},"loc":{"start":{"line":5,"column":36},"end":{"line":45,"column":1}},"line":5},"1":{"name":"(anonymous_1)","decl":{"start":{"line":47,"column":27},"end":{"line":47,"column":28}},"loc":{"start":{"line":47,"column":47},"end":{"line":82,"column":1}},"line":47}},"branchMap":{"0":{"loc":{"start":{"line":9,"column":8},"end":{"line":10,"column":48}},"type":"if","locations":[{"start":{"line":9,"column":8},"end":{"line":10,"column":48}},{"start":{},"end":{}}],"line":9},"1":{"loc":{"start":{"line":39,"column":29},"end":{"line":39,"column":78}},"type":"cond-expr","locations":[{"start":{"line":39,"column":47},"end":{"line":39,"column":60}},{"start":{"line":39,"column":63},"end":{"line":39,"column":78}}],"line":39},"2":{"loc":{"start":{"line":77,"column":29},"end":{"line":77,"column":78}},"type":"cond-expr","locations":[{"start":{"line":77,"column":47},"end":{"line":77,"column":60}},{"start":{"line":77,"column":63},"end":{"line":77,"column":78}}],"line":77}},"s":{"0":1,"1":1,"2":1,"3":0,"4":0,"5":0,"6":0,"7":0,"8":0,"9":0,"10":0,"11":0,"12":1,"13":0,"14":0,"15":0,"16":0,"17":0,"18":0},"f":{"0":0,"1":0},"b":{"0":[0,0],"1":[0,0],"2":[0,0]},"_coverageSchema":"1a1c01bbd47fc00a2c39e90264f33305004495a9","hash":"405c41f2d5f29d400607a4f8a51cdf85902e2996"}
,"C:\\Users\\luis.colorado\\Desktop\\ADD\\challenge_addika_posts\\src\\controllers\\postsController.js": {"path":"C:\\Users\\luis.colorado\\Desktop\\ADD\\challenge_addika_posts\\src\\controllers\\postsController.js","statementMap":{"0":{"start":{"line":1,"column":15},"end":{"line":1,"column":38}},"1":{"start":{"line":2,"column":29},"end":{"line":2,"column":57}},"2":{"start":{"line":4,"column":0},"end":{"line":41,"column":2}},"3":{"start":{"line":6,"column":4},"end":{"line":39,"column":5}},"4":{"start":{"line":7,"column":25},"end":{"line":19,"column":14}},"5":{"start":{"line":21,"column":8},"end":{"line":26,"column":11}},"6":{"start":{"line":30,"column":8},"end":{"line":30,"column":27}},"7":{"start":{"line":32,"column":8},"end":{"line":37,"column":11}},"8":{"start":{"line":43,"column":0},"end":{"line":91,"column":2}},"9":{"start":{"line":44,"column":4},"end":{"line":89,"column":5}},"10":{"start":{"line":46,"column":23},"end":{"line":46,"column":44}},"11":{"start":{"line":47,"column":8},"end":{"line":48,"column":48}},"12":{"start":{"line":48,"column":12},"end":{"line":48,"column":48}},"13":{"start":{"line":50,"column":25},"end":{"line":50,"column":28}},"14":{"start":{"line":52,"column":8},"end":{"line":52,"column":47}},"15":{"start":{"line":54,"column":25},"end":{"line":71,"column":14}},"16":{"start":{"line":73,"column":8},"end":{"line":78,"column":11}},"17":{"start":{"line":83,"column":8},"end":{"line":88,"column":11}},"18":{"start":{"line":94,"column":0},"end":{"line":156,"column":2}},"19":{"start":{"line":96,"column":4},"end":{"line":154,"column":5}},"20":{"start":{"line":98,"column":23},"end":{"line":98,"column":44}},"21":{"start":{"line":99,"column":8},"end":{"line":100,"column":48}},"22":{"start":{"line":100,"column":12},"end":{"line":100,"column":48}},"23":{"start":{"line":102,"column":25},"end":{"line":102,"column":28}},"24":{"start":{"line":104,"column":30},"end":{"line":104,"column":31}},"25":{"start":{"line":105,"column":8},"end":{"line":136,"column":11}},"26":{"start":{"line":107,"column":29},"end":{"line":117,"column":38}},"27":{"start":{"line":119,"column":12},"end":{"line":119,"column":50}},"28":{"start":{"line":121,"column":12},"end":{"line":121,"column":53}},"29":{"start":{"line":123,"column":12},"end":{"line":133,"column":39}},"30":{"start":{"line":138,"column":8},"end":{"line":142,"column":11}},"31":{"start":{"line":148,"column":8},"end":{"line":152,"column":11}},"32":{"start":{"line":159,"column":0},"end":{"line":190,"column":1}},"33":{"start":{"line":160,"column":4},"end":{"line":189,"column":5}},"34":{"start":{"line":161,"column":27},"end":{"line":161,"column":30}},"35":{"start":{"line":163,"column":25},"end":{"line":170,"column":10}},"36":{"start":{"line":172,"column":8},"end":{"line":177,"column":11}},"37":{"start":{"line":180,"column":8},"end":{"line":180,"column":27}},"38":{"start":{"line":182,"column":8},"end":{"line":187,"column":11}},"39":{"start":{"line":194,"column":0},"end":{"line":256,"column":1}},"40":{"start":{"line":196,"column":4},"end":{"line":255,"column":5}},"41":{"start":{"line":198,"column":23},"end":{"line":198,"column":44}},"42":{"start":{"line":199,"column":8},"end":{"line":200,"column":48}},"43":{"start":{"line":200,"column":12},"end":{"line":200,"column":48}},"44":{"start":{"line":202,"column":25},"end":{"line":202,"column":28}},"45":{"start":{"line":204,"column":8},"end":{"line":236,"column":11}},"46":{"start":{"line":206,"column":12},"end":{"line":211,"column":34}},"47":{"start":{"line":214,"column":12},"end":{"line":220,"column":39}},"48":{"start":{"line":223,"column":12},"end":{"line":233,"column":39}},"49":{"start":{"line":238,"column":8},"end":{"line":242,"column":11}},"50":{"start":{"line":247,"column":8},"end":{"line":247,"column":27}},"51":{"start":{"line":249,"column":8},"end":{"line":253,"column":11}},"52":{"start":{"line":260,"column":0},"end":{"line":315,"column":1}},"53":{"start":{"line":262,"column":4},"end":{"line":314,"column":5}},"54":{"start":{"line":264,"column":23},"end":{"line":264,"column":44}},"55":{"start":{"line":265,"column":8},"end":{"line":266,"column":48}},"56":{"start":{"line":266,"column":12},"end":{"line":266,"column":48}},"57":{"start":{"line":268,"column":25},"end":{"line":268,"column":28}},"58":{"start":{"line":270,"column":8},"end":{"line":295,"column":11}},"59":{"start":{"line":272,"column":12},"end":{"line":279,"column":39}},"60":{"start":{"line":282,"column":12},"end":{"line":292,"column":39}},"61":{"start":{"line":297,"column":8},"end":{"line":301,"column":11}},"62":{"start":{"line":306,"column":8},"end":{"line":306,"column":27}},"63":{"start":{"line":308,"column":8},"end":{"line":312,"column":11}}},"fnMap":{"0":{"name":"(anonymous_0)","decl":{"start":{"line":4,"column":16},"end":{"line":4,"column":17}},"loc":{"start":{"line":4,"column":36},"end":{"line":41,"column":1}},"line":4},"1":{"name":"(anonymous_1)","decl":{"start":{"line":43,"column":25},"end":{"line":43,"column":26}},"loc":{"start":{"line":43,"column":45},"end":{"line":91,"column":1}},"line":43},"2":{"name":"(anonymous_2)","decl":{"start":{"line":94,"column":16},"end":{"line":94,"column":17}},"loc":{"start":{"line":94,"column":36},"end":{"line":156,"column":1}},"line":94},"3":{"name":"(anonymous_3)","decl":{"start":{"line":105,"column":29},"end":{"line":105,"column":30}},"loc":{"start":{"line":105,"column":42},"end":{"line":136,"column":9}},"line":105},"4":{"name":"(anonymous_4)","decl":{"start":{"line":159,"column":15},"end":{"line":159,"column":16}},"loc":{"start":{"line":159,"column":35},"end":{"line":190,"column":1}},"line":159},"5":{"name":"(anonymous_5)","decl":{"start":{"line":194,"column":17},"end":{"line":194,"column":18}},"loc":{"start":{"line":194,"column":37},"end":{"line":256,"column":1}},"line":194},"6":{"name":"(anonymous_6)","decl":{"start":{"line":204,"column":29},"end":{"line":204,"column":30}},"loc":{"start":{"line":204,"column":42},"end":{"line":236,"column":9}},"line":204},"7":{"name":"(anonymous_7)","decl":{"start":{"line":260,"column":17},"end":{"line":260,"column":18}},"loc":{"start":{"line":260,"column":37},"end":{"line":315,"column":1}},"line":260},"8":{"name":"(anonymous_8)","decl":{"start":{"line":270,"column":29},"end":{"line":270,"column":30}},"loc":{"start":{"line":270,"column":42},"end":{"line":295,"column":9}},"line":270}},"branchMap":{"0":{"loc":{"start":{"line":35,"column":29},"end":{"line":35,"column":78}},"type":"cond-expr","locations":[{"start":{"line":35,"column":47},"end":{"line":35,"column":60}},{"start":{"line":35,"column":63},"end":{"line":35,"column":78}}],"line":35},"1":{"loc":{"start":{"line":47,"column":8},"end":{"line":48,"column":48}},"type":"if","locations":[{"start":{"line":47,"column":8},"end":{"line":48,"column":48}},{"start":{},"end":{}}],"line":47},"2":{"loc":{"start":{"line":86,"column":29},"end":{"line":86,"column":78}},"type":"cond-expr","locations":[{"start":{"line":86,"column":47},"end":{"line":86,"column":60}},{"start":{"line":86,"column":63},"end":{"line":86,"column":78}}],"line":86},"3":{"loc":{"start":{"line":99,"column":8},"end":{"line":100,"column":48}},"type":"if","locations":[{"start":{"line":99,"column":8},"end":{"line":100,"column":48}},{"start":{},"end":{}}],"line":99},"4":{"loc":{"start":{"line":150,"column":29},"end":{"line":150,"column":78}},"type":"cond-expr","locations":[{"start":{"line":150,"column":47},"end":{"line":150,"column":60}},{"start":{"line":150,"column":63},"end":{"line":150,"column":78}}],"line":150},"5":{"loc":{"start":{"line":185,"column":29},"end":{"line":185,"column":78}},"type":"cond-expr","locations":[{"start":{"line":185,"column":47},"end":{"line":185,"column":60}},{"start":{"line":185,"column":63},"end":{"line":185,"column":78}}],"line":185},"6":{"loc":{"start":{"line":199,"column":8},"end":{"line":200,"column":48}},"type":"if","locations":[{"start":{"line":199,"column":8},"end":{"line":200,"column":48}},{"start":{},"end":{}}],"line":199},"7":{"loc":{"start":{"line":251,"column":29},"end":{"line":251,"column":78}},"type":"cond-expr","locations":[{"start":{"line":251,"column":47},"end":{"line":251,"column":60}},{"start":{"line":251,"column":63},"end":{"line":251,"column":78}}],"line":251},"8":{"loc":{"start":{"line":265,"column":8},"end":{"line":266,"column":48}},"type":"if","locations":[{"start":{"line":265,"column":8},"end":{"line":266,"column":48}},{"start":{},"end":{}}],"line":265},"9":{"loc":{"start":{"line":310,"column":29},"end":{"line":310,"column":78}},"type":"cond-expr","locations":[{"start":{"line":310,"column":47},"end":{"line":310,"column":60}},{"start":{"line":310,"column":63},"end":{"line":310,"column":78}}],"line":310}},"s":{"0":1,"1":1,"2":1,"3":0,"4":0,"5":0,"6":0,"7":0,"8":1,"9":0,"10":0,"11":0,"12":0,"13":0,"14":0,"15":0,"16":0,"17":0,"18":1,"19":0,"20":0,"21":0,"22":0,"23":0,"24":0,"25":0,"26":0,"27":0,"28":0,"29":0,"30":0,"31":0,"32":1,"33":0,"34":0,"35":0,"36":0,"37":0,"38":0,"39":1,"40":0,"41":0,"42":0,"43":0,"44":0,"45":0,"46":0,"47":0,"48":0,"49":0,"50":0,"51":0,"52":1,"53":0,"54":0,"55":0,"56":0,"57":0,"58":0,"59":0,"60":0,"61":0,"62":0,"63":0},"f":{"0":0,"1":0,"2":0,"3":0,"4":0,"5":0,"6":0,"7":0,"8":0},"b":{"0":[0,0],"1":[0,0],"2":[0,0],"3":[0,0],"4":[0,0],"5":[0,0],"6":[0,0],"7":[0,0],"8":[0,0],"9":[0,0]},"_coverageSchema":"1a1c01bbd47fc00a2c39e90264f33305004495a9","hash":"842b3aa8cfcaf3e0e306f6a1bf1c66dd8d86f14a"}
,"C:\\Users\\luis.colorado\\Desktop\\ADD\\challenge_addika_posts\\src\\controllers\\usersController.js": {"path":"C:\\Users\\luis.colorado\\Desktop\\ADD\\challenge_addika_posts\\src\\controllers\\usersController.js","statementMap":{"0":{"start":{"line":1,"column":15},"end":{"line":1,"column":38}},"1":{"start":{"line":2,"column":29},"end":{"line":2,"column":57}},"2":{"start":{"line":3,"column":15},"end":{"line":3,"column":34}},"3":{"start":{"line":4,"column":12},"end":{"line":4,"column":35}},"4":{"start":{"line":6,"column":0},"end":{"line":37,"column":2}},"5":{"start":{"line":8,"column":4},"end":{"line":35,"column":5}},"6":{"start":{"line":10,"column":25},"end":{"line":16,"column":14}},"7":{"start":{"line":18,"column":8},"end":{"line":23,"column":11}},"8":{"start":{"line":28,"column":8},"end":{"line":33,"column":11}},"9":{"start":{"line":40,"column":0},"end":{"line":113,"column":2}},"10":{"start":{"line":42,"column":4},"end":{"line":111,"column":5}},"11":{"start":{"line":44,"column":8},"end":{"line":44,"column":35}},"12":{"start":{"line":46,"column":23},"end":{"line":46,"column":44}},"13":{"start":{"line":47,"column":8},"end":{"line":48,"column":48}},"14":{"start":{"line":48,"column":12},"end":{"line":48,"column":48}},"15":{"start":{"line":51,"column":25},"end":{"line":51,"column":28}},"16":{"start":{"line":53,"column":26},"end":{"line":53,"column":27}},"17":{"start":{"line":55,"column":36},"end":{"line":64,"column":14}},"18":{"start":{"line":66,"column":21},"end":{"line":66,"column":43}},"19":{"start":{"line":68,"column":8},"end":{"line":100,"column":9}},"20":{"start":{"line":70,"column":12},"end":{"line":74,"column":15}},"21":{"start":{"line":78,"column":27},"end":{"line":90,"column":18}},"22":{"start":{"line":92,"column":12},"end":{"line":92,"column":49}},"23":{"start":{"line":94,"column":12},"end":{"line":98,"column":15}},"24":{"start":{"line":105,"column":8},"end":{"line":109,"column":11}},"25":{"start":{"line":116,"column":0},"end":{"line":150,"column":2}},"26":{"start":{"line":117,"column":4},"end":{"line":148,"column":5}},"27":{"start":{"line":118,"column":25},"end":{"line":118,"column":28}},"28":{"start":{"line":120,"column":25},"end":{"line":129,"column":14}},"29":{"start":{"line":131,"column":8},"end":{"line":136,"column":11}},"30":{"start":{"line":141,"column":8},"end":{"line":146,"column":11}},"31":{"start":{"line":153,"column":0},"end":{"line":193,"column":1}},"32":{"start":{"line":154,"column":4},"end":{"line":192,"column":5}},"33":{"start":{"line":156,"column":23},"end":{"line":156,"column":44}},"34":{"start":{"line":157,"column":8},"end":{"line":158,"column":48}},"35":{"start":{"line":158,"column":12},"end":{"line":158,"column":48}},"36":{"start":{"line":160,"column":25},"end":{"line":160,"column":28}},"37":{"start":{"line":162,"column":8},"end":{"line":174,"column":9}},"38":{"start":{"line":177,"column":8},"end":{"line":181,"column":11}},"39":{"start":{"line":186,"column":8},"end":{"line":190,"column":11}},"40":{"start":{"line":196,"column":0},"end":{"line":254,"column":1}},"41":{"start":{"line":197,"column":4},"end":{"line":253,"column":5}},"42":{"start":{"line":198,"column":27},"end":{"line":198,"column":30}},"43":{"start":{"line":200,"column":8},"end":{"line":236,"column":11}},"44":{"start":{"line":203,"column":12},"end":{"line":212,"column":39}},"45":{"start":{"line":215,"column":12},"end":{"line":223,"column":39}},"46":{"start":{"line":226,"column":12},"end":{"line":234,"column":39}},"47":{"start":{"line":238,"column":8},"end":{"line":242,"column":11}},"48":{"start":{"line":247,"column":8},"end":{"line":251,"column":11}},"49":{"start":{"line":258,"column":0},"end":{"line":334,"column":1}},"50":{"start":{"line":260,"column":4},"end":{"line":331,"column":5}},"51":{"start":{"line":262,"column":23},"end":{"line":262,"column":44}},"52":{"start":{"line":263,"column":8},"end":{"line":264,"column":48}},"53":{"start":{"line":264,"column":12},"end":{"line":264,"column":48}},"54":{"start":{"line":266,"column":25},"end":{"line":266,"column":28}},"55":{"start":{"line":268,"column":25},"end":{"line":275,"column":10}},"56":{"start":{"line":277,"column":21},"end":{"line":277,"column":32}},"57":{"start":{"line":279,"column":8},"end":{"line":321,"column":9}},"58":{"start":{"line":281,"column":28},"end":{"line":281,"column":76}},"59":{"start":{"line":283,"column":12},"end":{"line":310,"column":13}},"60":{"start":{"line":285,"column":30},"end":{"line":291,"column":18}},"61":{"start":{"line":294,"column":16},"end":{"line":298,"column":19}},"62":{"start":{"line":302,"column":16},"end":{"line":307,"column":19}},"63":{"start":{"line":314,"column":12},"end":{"line":319,"column":15}},"64":{"start":{"line":326,"column":8},"end":{"line":330,"column":11}}},"fnMap":{"0":{"name":"(anonymous_0)","decl":{"start":{"line":6,"column":16},"end":{"line":6,"column":17}},"loc":{"start":{"line":6,"column":36},"end":{"line":37,"column":1}},"line":6},"1":{"name":"(anonymous_1)","decl":{"start":{"line":40,"column":16},"end":{"line":40,"column":17}},"loc":{"start":{"line":40,"column":36},"end":{"line":113,"column":1}},"line":40},"2":{"name":"(anonymous_2)","decl":{"start":{"line":116,"column":15},"end":{"line":116,"column":16}},"loc":{"start":{"line":116,"column":35},"end":{"line":150,"column":1}},"line":116},"3":{"name":"(anonymous_3)","decl":{"start":{"line":153,"column":17},"end":{"line":153,"column":18}},"loc":{"start":{"line":153,"column":37},"end":{"line":193,"column":1}},"line":153},"4":{"name":"(anonymous_4)","decl":{"start":{"line":196,"column":17},"end":{"line":196,"column":18}},"loc":{"start":{"line":196,"column":37},"end":{"line":254,"column":1}},"line":196},"5":{"name":"(anonymous_5)","decl":{"start":{"line":200,"column":29},"end":{"line":200,"column":30}},"loc":{"start":{"line":200,"column":42},"end":{"line":236,"column":9}},"line":200},"6":{"name":"(anonymous_6)","decl":{"start":{"line":258,"column":16},"end":{"line":258,"column":17}},"loc":{"start":{"line":258,"column":36},"end":{"line":334,"column":1}},"line":258}},"branchMap":{"0":{"loc":{"start":{"line":31,"column":29},"end":{"line":31,"column":78}},"type":"cond-expr","locations":[{"start":{"line":31,"column":47},"end":{"line":31,"column":60}},{"start":{"line":31,"column":63},"end":{"line":31,"column":78}}],"line":31},"1":{"loc":{"start":{"line":47,"column":8},"end":{"line":48,"column":48}},"type":"if","locations":[{"start":{"line":47,"column":8},"end":{"line":48,"column":48}},{"start":{},"end":{}}],"line":47},"2":{"loc":{"start":{"line":68,"column":8},"end":{"line":100,"column":9}},"type":"if","locations":[{"start":{"line":68,"column":8},"end":{"line":100,"column":9}},{"start":{"line":76,"column":15},"end":{"line":100,"column":9}}],"line":68},"3":{"loc":{"start":{"line":107,"column":29},"end":{"line":107,"column":78}},"type":"cond-expr","locations":[{"start":{"line":107,"column":47},"end":{"line":107,"column":60}},{"start":{"line":107,"column":63},"end":{"line":107,"column":78}}],"line":107},"4":{"loc":{"start":{"line":144,"column":29},"end":{"line":144,"column":78}},"type":"cond-expr","locations":[{"start":{"line":144,"column":47},"end":{"line":144,"column":60}},{"start":{"line":144,"column":63},"end":{"line":144,"column":78}}],"line":144},"5":{"loc":{"start":{"line":157,"column":8},"end":{"line":158,"column":48}},"type":"if","locations":[{"start":{"line":157,"column":8},"end":{"line":158,"column":48}},{"start":{},"end":{}}],"line":157},"6":{"loc":{"start":{"line":188,"column":29},"end":{"line":188,"column":78}},"type":"cond-expr","locations":[{"start":{"line":188,"column":47},"end":{"line":188,"column":60}},{"start":{"line":188,"column":63},"end":{"line":188,"column":78}}],"line":188},"7":{"loc":{"start":{"line":249,"column":29},"end":{"line":249,"column":78}},"type":"cond-expr","locations":[{"start":{"line":249,"column":47},"end":{"line":249,"column":60}},{"start":{"line":249,"column":63},"end":{"line":249,"column":78}}],"line":249},"8":{"loc":{"start":{"line":263,"column":8},"end":{"line":264,"column":48}},"type":"if","locations":[{"start":{"line":263,"column":8},"end":{"line":264,"column":48}},{"start":{},"end":{}}],"line":263},"9":{"loc":{"start":{"line":279,"column":8},"end":{"line":321,"column":9}},"type":"if","locations":[{"start":{"line":279,"column":8},"end":{"line":321,"column":9}},{"start":{"line":312,"column":15},"end":{"line":321,"column":9}}],"line":279},"10":{"loc":{"start":{"line":283,"column":12},"end":{"line":310,"column":13}},"type":"if","locations":[{"start":{"line":283,"column":12},"end":{"line":310,"column":13}},{"start":{"line":300,"column":19},"end":{"line":310,"column":13}}],"line":283},"11":{"loc":{"start":{"line":328,"column":29},"end":{"line":328,"column":78}},"type":"cond-expr","locations":[{"start":{"line":328,"column":47},"end":{"line":328,"column":60}},{"start":{"line":328,"column":63},"end":{"line":328,"column":78}}],"line":328}},"s":{"0":1,"1":1,"2":1,"3":1,"4":1,"5":1,"6":1,"7":1,"8":0,"9":1,"10":0,"11":0,"12":0,"13":0,"14":0,"15":0,"16":0,"17":0,"18":0,"19":0,"20":0,"21":0,"22":0,"23":0,"24":0,"25":1,"26":0,"27":0,"28":0,"29":0,"30":0,"31":1,"32":0,"33":0,"34":0,"35":0,"36":0,"37":0,"38":0,"39":0,"40":1,"41":0,"42":0,"43":0,"44":0,"45":0,"46":0,"47":0,"48":0,"49":1,"50":0,"51":0,"52":0,"53":0,"54":0,"55":0,"56":0,"57":0,"58":0,"59":0,"60":0,"61":0,"62":0,"63":0,"64":0},"f":{"0":1,"1":0,"2":0,"3":0,"4":0,"5":0,"6":0},"b":{"0":[0,0],"1":[0,0],"2":[0,0],"3":[0,0],"4":[0,0],"5":[0,0],"6":[0,0],"7":[0,0],"8":[0,0],"9":[0,0],"10":[0,0],"11":[0,0]},"_coverageSchema":"1a1c01bbd47fc00a2c39e90264f33305004495a9","hash":"0deb1d8d15fd48edbf0c15954df0b1025524f977"}
,"C:\\Users\\luis.colorado\\Desktop\\ADD\\challenge_addika_posts\\src\\middleware\\authentication.js": {"path":"C:\\Users\\luis.colorado\\Desktop\\ADD\\challenge_addika_posts\\src\\middleware\\authentication.js","statementMap":{"0":{"start":{"line":1,"column":12},"end":{"line":1,"column":35}},"1":{"start":{"line":2,"column":15},"end":{"line":2,"column":38}},"2":{"start":{"line":3,"column":18},"end":{"line":3,"column":43}},"3":{"start":{"line":4,"column":29},"end":{"line":4,"column":57}},"4":{"start":{"line":7,"column":0},"end":{"line":41,"column":2}},"5":{"start":{"line":9,"column":21},"end":{"line":9,"column":24}},"6":{"start":{"line":11,"column":26},"end":{"line":11,"column":50}},"7":{"start":{"line":13,"column":16},"end":{"line":13,"column":18}},"8":{"start":{"line":15,"column":4},"end":{"line":17,"column":5}},"9":{"start":{"line":16,"column":8},"end":{"line":16,"column":44}},"10":{"start":{"line":19,"column":23},"end":{"line":19,"column":25}},"11":{"start":{"line":21,"column":4},"end":{"line":25,"column":5}},"12":{"start":{"line":22,"column":8},"end":{"line":22,"column":67}},"13":{"start":{"line":24,"column":8},"end":{"line":24,"column":27}},"14":{"start":{"line":29,"column":4},"end":{"line":39,"column":5}},"15":{"start":{"line":31,"column":8},"end":{"line":33,"column":11}},"16":{"start":{"line":37,"column":8},"end":{"line":37,"column":15}},"17":{"start":{"line":44,"column":0},"end":{"line":94,"column":2}},"18":{"start":{"line":46,"column":4},"end":{"line":92,"column":5}},"19":{"start":{"line":49,"column":23},"end":{"line":49,"column":44}},"20":{"start":{"line":50,"column":8},"end":{"line":51,"column":48}},"21":{"start":{"line":51,"column":12},"end":{"line":51,"column":48}},"22":{"start":{"line":53,"column":25},"end":{"line":53,"column":28}},"23":{"start":{"line":55,"column":23},"end":{"line":67,"column":14}},"24":{"start":{"line":69,"column":8},"end":{"line":81,"column":9}},"25":{"start":{"line":71,"column":12},"end":{"line":75,"column":15}},"26":{"start":{"line":79,"column":12},"end":{"line":79,"column":19}},"27":{"start":{"line":86,"column":8},"end":{"line":90,"column":11}},"28":{"start":{"line":97,"column":0},"end":{"line":153,"column":2}},"29":{"start":{"line":99,"column":4},"end":{"line":151,"column":5}},"30":{"start":{"line":102,"column":23},"end":{"line":102,"column":44}},"31":{"start":{"line":103,"column":8},"end":{"line":104,"column":48}},"32":{"start":{"line":104,"column":12},"end":{"line":104,"column":48}},"33":{"start":{"line":106,"column":25},"end":{"line":106,"column":28}},"34":{"start":{"line":107,"column":8},"end":{"line":107,"column":52}},"35":{"start":{"line":109,"column":23},"end":{"line":124,"column":14}},"36":{"start":{"line":126,"column":8},"end":{"line":126,"column":51}},"37":{"start":{"line":128,"column":8},"end":{"line":140,"column":9}},"38":{"start":{"line":130,"column":12},"end":{"line":134,"column":15}},"39":{"start":{"line":138,"column":12},"end":{"line":138,"column":19}},"40":{"start":{"line":145,"column":8},"end":{"line":149,"column":11}},"41":{"start":{"line":155,"column":0},"end":{"line":210,"column":2}},"42":{"start":{"line":157,"column":4},"end":{"line":208,"column":5}},"43":{"start":{"line":159,"column":23},"end":{"line":159,"column":44}},"44":{"start":{"line":160,"column":8},"end":{"line":161,"column":48}},"45":{"start":{"line":161,"column":12},"end":{"line":161,"column":48}},"46":{"start":{"line":163,"column":25},"end":{"line":163,"column":28}},"47":{"start":{"line":165,"column":23},"end":{"line":180,"column":14}},"48":{"start":{"line":182,"column":8},"end":{"line":182,"column":51}},"49":{"start":{"line":184,"column":8},"end":{"line":196,"column":9}},"50":{"start":{"line":186,"column":12},"end":{"line":190,"column":15}},"51":{"start":{"line":194,"column":12},"end":{"line":194,"column":19}},"52":{"start":{"line":200,"column":8},"end":{"line":200,"column":27}},"53":{"start":{"line":202,"column":8},"end":{"line":206,"column":11}},"54":{"start":{"line":213,"column":0},"end":{"line":270,"column":2}},"55":{"start":{"line":215,"column":4},"end":{"line":268,"column":5}},"56":{"start":{"line":218,"column":23},"end":{"line":218,"column":44}},"57":{"start":{"line":219,"column":8},"end":{"line":220,"column":48}},"58":{"start":{"line":220,"column":12},"end":{"line":220,"column":48}},"59":{"start":{"line":222,"column":25},"end":{"line":222,"column":28}},"60":{"start":{"line":223,"column":8},"end":{"line":223,"column":52}},"61":{"start":{"line":225,"column":23},"end":{"line":240,"column":14}},"62":{"start":{"line":242,"column":8},"end":{"line":242,"column":51}},"63":{"start":{"line":244,"column":8},"end":{"line":256,"column":9}},"64":{"start":{"line":246,"column":12},"end":{"line":250,"column":15}},"65":{"start":{"line":254,"column":12},"end":{"line":254,"column":19}},"66":{"start":{"line":260,"column":8},"end":{"line":260,"column":27}},"67":{"start":{"line":262,"column":8},"end":{"line":266,"column":11}}},"fnMap":{"0":{"name":"(anonymous_0)","decl":{"start":{"line":7,"column":22},"end":{"line":7,"column":23}},"loc":{"start":{"line":7,"column":48},"end":{"line":41,"column":1}},"line":7},"1":{"name":"(anonymous_1)","decl":{"start":{"line":44,"column":24},"end":{"line":44,"column":25}},"loc":{"start":{"line":44,"column":50},"end":{"line":94,"column":1}},"line":44},"2":{"name":"(anonymous_2)","decl":{"start":{"line":97,"column":45},"end":{"line":97,"column":46}},"loc":{"start":{"line":97,"column":71},"end":{"line":153,"column":1}},"line":97},"3":{"name":"(anonymous_3)","decl":{"start":{"line":155,"column":45},"end":{"line":155,"column":46}},"loc":{"start":{"line":155,"column":71},"end":{"line":210,"column":1}},"line":155},"4":{"name":"(anonymous_4)","decl":{"start":{"line":213,"column":51},"end":{"line":213,"column":52}},"loc":{"start":{"line":213,"column":77},"end":{"line":270,"column":1}},"line":213}},"branchMap":{"0":{"loc":{"start":{"line":15,"column":4},"end":{"line":17,"column":5}},"type":"if","locations":[{"start":{"line":15,"column":4},"end":{"line":17,"column":5}},{"start":{},"end":{}}],"line":15},"1":{"loc":{"start":{"line":15,"column":8},"end":{"line":15,"column":73}},"type":"binary-expr","locations":[{"start":{"line":15,"column":8},"end":{"line":15,"column":21}},{"start":{"line":15,"column":25},"end":{"line":15,"column":73}}],"line":15},"2":{"loc":{"start":{"line":29,"column":4},"end":{"line":39,"column":5}},"type":"if","locations":[{"start":{"line":29,"column":4},"end":{"line":39,"column":5}},{"start":{"line":35,"column":11},"end":{"line":39,"column":5}}],"line":29},"3":{"loc":{"start":{"line":29,"column":8},"end":{"line":29,"column":34}},"type":"binary-expr","locations":[{"start":{"line":29,"column":8},"end":{"line":29,"column":14}},{"start":{"line":29,"column":18},"end":{"line":29,"column":34}}],"line":29},"4":{"loc":{"start":{"line":50,"column":8},"end":{"line":51,"column":48}},"type":"if","locations":[{"start":{"line":50,"column":8},"end":{"line":51,"column":48}},{"start":{},"end":{}}],"line":50},"5":{"loc":{"start":{"line":69,"column":8},"end":{"line":81,"column":9}},"type":"if","locations":[{"start":{"line":69,"column":8},"end":{"line":81,"column":9}},{"start":{"line":77,"column":15},"end":{"line":81,"column":9}}],"line":69},"6":{"loc":{"start":{"line":69,"column":12},"end":{"line":69,"column":46}},"type":"binary-expr","locations":[{"start":{"line":69,"column":12},"end":{"line":69,"column":21}},{"start":{"line":69,"column":25},"end":{"line":69,"column":46}}],"line":69},"7":{"loc":{"start":{"line":88,"column":29},"end":{"line":88,"column":78}},"type":"cond-expr","locations":[{"start":{"line":88,"column":47},"end":{"line":88,"column":60}},{"start":{"line":88,"column":63},"end":{"line":88,"column":78}}],"line":88},"8":{"loc":{"start":{"line":103,"column":8},"end":{"line":104,"column":48}},"type":"if","locations":[{"start":{"line":103,"column":8},"end":{"line":104,"column":48}},{"start":{},"end":{}}],"line":103},"9":{"loc":{"start":{"line":128,"column":8},"end":{"line":140,"column":9}},"type":"if","locations":[{"start":{"line":128,"column":8},"end":{"line":140,"column":9}},{"start":{"line":136,"column":15},"end":{"line":140,"column":9}}],"line":128},"10":{"loc":{"start":{"line":128,"column":12},"end":{"line":128,"column":46}},"type":"binary-expr","locations":[{"start":{"line":128,"column":12},"end":{"line":128,"column":21}},{"start":{"line":128,"column":25},"end":{"line":128,"column":46}}],"line":128},"11":{"loc":{"start":{"line":147,"column":29},"end":{"line":147,"column":78}},"type":"cond-expr","locations":[{"start":{"line":147,"column":47},"end":{"line":147,"column":60}},{"start":{"line":147,"column":63},"end":{"line":147,"column":78}}],"line":147},"12":{"loc":{"start":{"line":160,"column":8},"end":{"line":161,"column":48}},"type":"if","locations":[{"start":{"line":160,"column":8},"end":{"line":161,"column":48}},{"start":{},"end":{}}],"line":160},"13":{"loc":{"start":{"line":184,"column":8},"end":{"line":196,"column":9}},"type":"if","locations":[{"start":{"line":184,"column":8},"end":{"line":196,"column":9}},{"start":{"line":192,"column":15},"end":{"line":196,"column":9}}],"line":184},"14":{"loc":{"start":{"line":184,"column":12},"end":{"line":184,"column":46}},"type":"binary-expr","locations":[{"start":{"line":184,"column":12},"end":{"line":184,"column":21}},{"start":{"line":184,"column":25},"end":{"line":184,"column":46}}],"line":184},"15":{"loc":{"start":{"line":204,"column":29},"end":{"line":204,"column":78}},"type":"cond-expr","locations":[{"start":{"line":204,"column":47},"end":{"line":204,"column":60}},{"start":{"line":204,"column":63},"end":{"line":204,"column":78}}],"line":204},"16":{"loc":{"start":{"line":219,"column":8},"end":{"line":220,"column":48}},"type":"if","locations":[{"start":{"line":219,"column":8},"end":{"line":220,"column":48}},{"start":{},"end":{}}],"line":219},"17":{"loc":{"start":{"line":244,"column":8},"end":{"line":256,"column":9}},"type":"if","locations":[{"start":{"line":244,"column":8},"end":{"line":256,"column":9}},{"start":{"line":252,"column":15},"end":{"line":256,"column":9}}],"line":244},"18":{"loc":{"start":{"line":244,"column":12},"end":{"line":244,"column":46}},"type":"binary-expr","locations":[{"start":{"line":244,"column":12},"end":{"line":244,"column":21}},{"start":{"line":244,"column":25},"end":{"line":244,"column":46}}],"line":244},"19":{"loc":{"start":{"line":264,"column":29},"end":{"line":264,"column":78}},"type":"cond-expr","locations":[{"start":{"line":264,"column":47},"end":{"line":264,"column":60}},{"start":{"line":264,"column":63},"end":{"line":264,"column":78}}],"line":264}},"s":{"0":1,"1":1,"2":1,"3":1,"4":1,"5":1,"6":1,"7":1,"8":1,"9":1,"10":1,"11":1,"12":1,"13":0,"14":1,"15":0,"16":1,"17":1,"18":1,"19":1,"20":1,"21":0,"22":1,"23":1,"24":1,"25":0,"26":1,"27":0,"28":1,"29":0,"30":0,"31":0,"32":0,"33":0,"34":0,"35":0,"36":0,"37":0,"38":0,"39":0,"40":0,"41":1,"42":0,"43":0,"44":0,"45":0,"46":0,"47":0,"48":0,"49":0,"50":0,"51":0,"52":0,"53":0,"54":1,"55":0,"56":0,"57":0,"58":0,"59":0,"60":0,"61":0,"62":0,"63":0,"64":0,"65":0,"66":0,"67":0},"f":{"0":1,"1":1,"2":0,"3":0,"4":0},"b":{"0":[1,0],"1":[1,1],"2":[0,1],"3":[1,1],"4":[0,1],"5":[0,1],"6":[1,1],"7":[0,0],"8":[0,0],"9":[0,0],"10":[0,0],"11":[0,0],"12":[0,0],"13":[0,0],"14":[0,0],"15":[0,0],"16":[0,0],"17":[0,0],"18":[0,0],"19":[0,0]},"_coverageSchema":"1a1c01bbd47fc00a2c39e90264f33305004495a9","hash":"baab181e6714ef34fec4e04f51bdea1b45399bfd"}
,"C:\\Users\\luis.colorado\\Desktop\\ADD\\challenge_addika_posts\\src\\routes\\routesComments.js": {"path":"C:\\Users\\luis.colorado\\Desktop\\ADD\\challenge_addika_posts\\src\\routes\\routesComments.js","statementMap":{"0":{"start":{"line":1,"column":16},"end":{"line":1,"column":34}},"1":{"start":{"line":2,"column":15},"end":{"line":2,"column":31}},"2":{"start":{"line":3,"column":18},"end":{"line":3,"column":46}},"3":{"start":{"line":4,"column":27},"end":{"line":4,"column":71}},"4":{"start":{"line":5,"column":24},"end":{"line":5,"column":63}},"5":{"start":{"line":6,"column":47},"end":{"line":6,"column":86}},"6":{"start":{"line":8,"column":0},"end":{"line":8,"column":63}},"7":{"start":{"line":10,"column":0},"end":{"line":14,"column":58}},"8":{"start":{"line":17,"column":0},"end":{"line":22,"column":33}},"9":{"start":{"line":24,"column":0},"end":{"line":24,"column":53}},"10":{"start":{"line":26,"column":0},"end":{"line":32,"column":83}},"11":{"start":{"line":35,"column":0},"end":{"line":42,"column":47}},"12":{"start":{"line":46,"column":0},"end":{"line":46,"column":24}}},"fnMap":{},"branchMap":{},"s":{"0":1,"1":1,"2":1,"3":1,"4":1,"5":1,"6":1,"7":1,"8":1,"9":1,"10":1,"11":1,"12":1},"f":{},"b":{},"_coverageSchema":"1a1c01bbd47fc00a2c39e90264f33305004495a9","hash":"2883e49bbb68871e8a13d15a2c00e640f96cd73e"}
,"C:\\Users\\luis.colorado\\Desktop\\ADD\\challenge_addika_posts\\src\\routes\\routesLogs.js": {"path":"C:\\Users\\luis.colorado\\Desktop\\ADD\\challenge_addika_posts\\src\\routes\\routesLogs.js","statementMap":{"0":{"start":{"line":1,"column":16},"end":{"line":1,"column":34}},"1":{"start":{"line":2,"column":15},"end":{"line":2,"column":31}},"2":{"start":{"line":3,"column":18},"end":{"line":3,"column":46}},"3":{"start":{"line":4,"column":23},"end":{"line":4,"column":63}},"4":{"start":{"line":5,"column":24},"end":{"line":5,"column":63}},"5":{"start":{"line":6,"column":26},"end":{"line":6,"column":65}},"6":{"start":{"line":8,"column":0},"end":{"line":13,"column":54}},"7":{"start":{"line":16,"column":0},"end":{"line":16,"column":24}}},"fnMap":{},"branchMap":{},"s":{"0":1,"1":1,"2":1,"3":1,"4":1,"5":1,"6":1,"7":1},"f":{},"b":{},"_coverageSchema":"1a1c01bbd47fc00a2c39e90264f33305004495a9","hash":"7cfdc228d9f699ab61064164fa55ef28c3f9ad5f"}
,"C:\\Users\\luis.colorado\\Desktop\\ADD\\challenge_addika_posts\\src\\routes\\routesPermissions.js": {"path":"C:\\Users\\luis.colorado\\Desktop\\ADD\\challenge_addika_posts\\src\\routes\\routesPermissions.js","statementMap":{"0":{"start":{"line":1,"column":16},"end":{"line":1,"column":34}},"1":{"start":{"line":2,"column":15},"end":{"line":2,"column":31}},"2":{"start":{"line":3,"column":18},"end":{"line":3,"column":46}},"3":{"start":{"line":4,"column":30},"end":{"line":4,"column":77}},"4":{"start":{"line":5,"column":24},"end":{"line":5,"column":63}},"5":{"start":{"line":6,"column":26},"end":{"line":6,"column":65}},"6":{"start":{"line":8,"column":0},"end":{"line":17,"column":61}},"7":{"start":{"line":19,"column":0},"end":{"line":28,"column":72}},"8":{"start":{"line":31,"column":0},"end":{"line":31,"column":24}}},"fnMap":{},"branchMap":{},"s":{"0":1,"1":1,"2":1,"3":1,"4":1,"5":1,"6":1,"7":1,"8":1},"f":{},"b":{},"_coverageSchema":"1a1c01bbd47fc00a2c39e90264f33305004495a9","hash":"c64e0dae19e04ac60b7f01687f7007e79c76076c"}
,"C:\\Users\\luis.colorado\\Desktop\\ADD\\challenge_addika_posts\\src\\routes\\routesPost.js": {"path":"C:\\Users\\luis.colorado\\Desktop\\ADD\\challenge_addika_posts\\src\\routes\\routesPost.js","statementMap":{"0":{"start":{"line":1,"column":16},"end":{"line":1,"column":34}},"1":{"start":{"line":2,"column":15},"end":{"line":2,"column":31}},"2":{"start":{"line":3,"column":18},"end":{"line":3,"column":46}},"3":{"start":{"line":4,"column":24},"end":{"line":4,"column":65}},"4":{"start":{"line":5,"column":24},"end":{"line":5,"column":63}},"5":{"start":{"line":7,"column":0},"end":{"line":7,"column":44}},"6":{"start":{"line":9,"column":0},"end":{"line":15,"column":39}},"7":{"start":{"line":17,"column":0},"end":{"line":17,"column":47}},"8":{"start":{"line":19,"column":0},"end":{"line":25,"column":40}},"9":{"start":{"line":27,"column":0},"end":{"line":34,"column":41}},"10":{"start":{"line":37,"column":0},"end":{"line":45,"column":41}},"11":{"start":{"line":49,"column":0},"end":{"line":49,"column":24}}},"fnMap":{},"branchMap":{},"s":{"0":1,"1":1,"2":1,"3":1,"4":1,"5":1,"6":1,"7":1,"8":1,"9":1,"10":1,"11":1},"f":{},"b":{},"_coverageSchema":"1a1c01bbd47fc00a2c39e90264f33305004495a9","hash":"d1e4aafa453740379635aa75d31e8640e7a606f0"}
,"C:\\Users\\luis.colorado\\Desktop\\ADD\\challenge_addika_posts\\src\\routes\\routesUsers.js": {"path":"C:\\Users\\luis.colorado\\Desktop\\ADD\\challenge_addika_posts\\src\\routes\\routesUsers.js","statementMap":{"0":{"start":{"line":1,"column":16},"end":{"line":1,"column":34}},"1":{"start":{"line":2,"column":15},"end":{"line":2,"column":31}},"2":{"start":{"line":3,"column":18},"end":{"line":3,"column":46}},"3":{"start":{"line":4,"column":24},"end":{"line":4,"column":65}},"4":{"start":{"line":5,"column":24},"end":{"line":5,"column":63}},"5":{"start":{"line":6,"column":26},"end":{"line":6,"column":65}},"6":{"start":{"line":8,"column":0},"end":{"line":13,"column":55}},"7":{"start":{"line":15,"column":0},"end":{"line":23,"column":55}},"8":{"start":{"line":25,"column":0},"end":{"line":32,"column":54}},"9":{"start":{"line":34,"column":0},"end":{"line":42,"column":56}},"10":{"start":{"line":44,"column":0},"end":{"line":45,"column":56}},"11":{"start":{"line":47,"column":0},"end":{"line":53,"column":27}},"12":{"start":{"line":56,"column":0},"end":{"line":56,"column":24}}},"fnMap":{},"branchMap":{},"s":{"0":1,"1":1,"2":1,"3":1,"4":1,"5":1,"6":1,"7":1,"8":1,"9":1,"10":1,"11":1,"12":1},"f":{},"b":{},"_coverageSchema":"1a1c01bbd47fc00a2c39e90264f33305004495a9","hash":"9f473a4893c768674a7f9cae1ad77a67e2eba825"}
}
