TN:
SF:config\db.js
FNF:0
FNH:0
DA:1,1
DA:2,1
DA:4,1
DA:15,1
LF:4
LH:4
BRF:0
BRH:0
end_of_record
TN:
SF:config\models\User.js
FN:4,(anonymous_0)
FNF:1
FNH:0
FNDA:0,(anonymous_0)
DA:1,0
DA:2,0
DA:4,0
LF:3
LH:0
BRF:0
BRH:0
end_of_record
TN:
SF:src\controllers\commentsController.js
FN:4,(anonymous_0)
FN:37,(anonymous_1)
FN:82,(anonymous_2)
FN:130,(anonymous_3)
FN:165,(anonymous_4)
FN:206,(anonymous_5)
FN:216,(anonymous_6)
FNF:7
FNH:0
FNDA:0,(anonymous_0)
FNDA:0,(anonymous_1)
FNDA:0,(anonymous_2)
FNDA:0,(anonymous_3)
FNDA:0,(anonymous_4)
FNDA:0,(anonymous_5)
FNDA:0,(anonymous_6)
DA:1,1
DA:2,1
DA:4,1
DA:6,0
DA:7,0
DA:15,0
DA:24,0
DA:26,0
DA:37,1
DA:39,0
DA:41,0
DA:42,0
DA:43,0
DA:45,0
DA:47,0
DA:60,0
DA:69,0
DA:71,0
DA:82,1
DA:84,0
DA:86,0
DA:87,0
DA:88,0
DA:90,0
DA:92,0
DA:94,0
DA:107,0
DA:109,0
DA:117,0
DA:119,0
DA:130,1
DA:131,0
DA:132,0
DA:134,0
DA:142,0
DA:151,0
DA:153,0
DA:165,1
DA:166,0
DA:168,0
DA:169,0
DA:170,0
DA:172,0
DA:174,0
DA:187,0
DA:194,0
DA:196,0
DA:206,1
DA:207,0
DA:209,0
DA:210,0
DA:211,0
DA:214,0
DA:216,0
DA:219,0
DA:230,0
DA:240,0
DA:247,0
DA:249,0
LF:59
LH:8
BRDA:29,0,0,0
BRDA:29,0,1,0
BRDA:42,1,0,0
BRDA:42,1,1,0
BRDA:74,2,0,0
BRDA:74,2,1,0
BRDA:87,3,0,0
BRDA:87,3,1,0
BRDA:102,4,0,0
BRDA:102,4,1,0
BRDA:121,5,0,0
BRDA:121,5,1,0
BRDA:156,6,0,0
BRDA:156,6,1,0
BRDA:169,7,0,0
BRDA:169,7,1,0
BRDA:198,8,0,0
BRDA:198,8,1,0
BRDA:210,9,0,0
BRDA:210,9,1,0
BRDA:251,10,0,0
BRDA:251,10,1,0
BRF:22
BRH:0
end_of_record
TN:
SF:src\controllers\logsController.js
FN:4,(anonymous_0)
FNF:1
FNH:0
FNDA:0,(anonymous_0)
DA:1,1
DA:2,1
DA:4,1
DA:6,0
DA:8,0
DA:9,0
DA:10,0
DA:13,0
DA:20,0
DA:24,0
DA:25,0
LF:11
LH:3
BRDA:9,0,0,0
BRDA:9,0,1,0
BRF:2
BRH:0
end_of_record
TN:
SF:src\controllers\permissionsController.js
FN:5,(anonymous_0)
FN:46,(anonymous_1)
FNF:2
FNH:0
FNDA:0,(anonymous_0)
FNDA:0,(anonymous_1)
DA:1,1
DA:2,1
DA:5,1
DA:6,0
DA:8,0
DA:9,0
DA:10,0
DA:13,0
DA:15,0
DA:26,0
DA:34,0
DA:36,0
DA:46,1
DA:47,0
DA:48,0
DA:51,0
DA:63,0
DA:71,0
DA:73,0
LF:19
LH:4
BRDA:9,0,0,0
BRDA:9,0,1,0
BRDA:38,1,0,0
BRDA:38,1,1,0
BRDA:75,2,0,0
BRDA:75,2,1,0
BRF:6
BRH:0
end_of_record
TN:
SF:src\controllers\postsController.js
FN:4,(anonymous_0)
FN:43,(anonymous_1)
FN:95,(anonymous_2)
FN:106,(anonymous_3)
FN:161,(anonymous_4)
FN:196,(anonymous_5)
FN:206,(anonymous_6)
FN:262,(anonymous_7)
FN:272,(anonymous_8)
FNF:9
FNH:1
FNDA:0,(anonymous_0)
FNDA:1,(anonymous_1)
FNDA:0,(anonymous_2)
FNDA:0,(anonymous_3)
FNDA:0,(anonymous_4)
FNDA:0,(anonymous_5)
FNDA:0,(anonymous_6)
FNDA:0,(anonymous_7)
FNDA:0,(anonymous_8)
DA:1,1
DA:2,1
DA:4,1
DA:6,0
DA:7,0
DA:21,0
DA:30,0
DA:32,0
DA:43,1
DA:44,1
DA:46,1
DA:47,1
DA:48,1
DA:50,0
DA:52,0
DA:54,0
DA:73,0
DA:82,1
DA:84,1
DA:95,1
DA:97,0
DA:99,0
DA:100,0
DA:101,0
DA:103,0
DA:105,0
DA:106,0
DA:108,0
DA:120,0
DA:122,0
DA:124,0
DA:139,0
DA:148,0
DA:150,0
DA:161,1
DA:162,0
DA:163,0
DA:165,0
DA:174,0
DA:182,0
DA:184,0
DA:196,1
DA:198,0
DA:200,0
DA:201,0
DA:202,0
DA:204,0
DA:206,0
DA:208,0
DA:216,0
DA:225,0
DA:240,0
DA:249,0
DA:251,0
DA:262,1
DA:264,0
DA:266,0
DA:267,0
DA:268,0
DA:270,0
DA:272,0
DA:274,0
DA:284,0
DA:299,0
DA:308,0
DA:310,0
LF:66
LH:14
BRDA:35,0,0,0
BRDA:35,0,1,0
BRDA:47,1,0,1
BRDA:47,1,1,0
BRDA:87,2,0,1
BRDA:87,2,1,0
BRDA:100,3,0,0
BRDA:100,3,1,0
BRDA:152,4,0,0
BRDA:152,4,1,0
BRDA:187,5,0,0
BRDA:187,5,1,0
BRDA:201,6,0,0
BRDA:201,6,1,0
BRDA:253,7,0,0
BRDA:253,7,1,0
BRDA:267,8,0,0
BRDA:267,8,1,0
BRDA:312,9,0,0
BRDA:312,9,1,0
BRF:20
BRH:2
end_of_record
TN:
SF:src\controllers\usersController.js
FN:6,(anonymous_0)
FN:39,(anonymous_1)
FN:113,(anonymous_2)
FN:148,(anonymous_3)
FN:191,(anonymous_4)
FN:195,(anonymous_5)
FN:254,(anonymous_6)
FNF:7
FNH:0
FNDA:0,(anonymous_0)
FNDA:0,(anonymous_1)
FNDA:0,(anonymous_2)
FNDA:0,(anonymous_3)
FNDA:0,(anonymous_4)
FNDA:0,(anonymous_5)
FNDA:0,(anonymous_6)
DA:1,1
DA:2,1
DA:3,1
DA:4,1
DA:6,1
DA:8,0
DA:9,0
DA:16,0
DA:25,0
DA:27,0
DA:39,1
DA:40,0
DA:42,0
DA:43,0
DA:44,0
DA:47,0
DA:49,0
DA:51,0
DA:60,0
DA:62,0
DA:64,0
DA:66,0
DA:74,0
DA:88,0
DA:90,0
DA:100,0
DA:102,0
DA:113,1
DA:114,0
DA:115,0
DA:117,0
DA:125,0
DA:134,0
DA:136,0
DA:148,1
DA:149,0
DA:151,0
DA:152,0
DA:153,0
DA:155,0
DA:157,0
DA:170,0
DA:178,0
DA:181,0
DA:191,1
DA:192,0
DA:193,0
DA:195,0
DA:198,0
DA:210,0
DA:221,0
DA:233,0
DA:241,0
DA:243,0
DA:254,1
DA:256,0
DA:258,0
DA:259,0
DA:260,0
DA:262,0
DA:264,0
DA:273,0
DA:275,0
DA:277,0
DA:279,0
DA:281,0
DA:287,0
DA:295,0
DA:307,0
DA:319,0
DA:321,0
LF:71
LH:10
BRDA:30,0,0,0
BRDA:30,0,1,0
BRDA:43,1,0,0
BRDA:43,1,1,0
BRDA:64,2,0,0
BRDA:64,2,1,0
BRDA:104,3,0,0
BRDA:104,3,1,0
BRDA:139,4,0,0
BRDA:139,4,1,0
BRDA:152,5,0,0
BRDA:152,5,1,0
BRDA:183,6,0,0
BRDA:183,6,1,0
BRDA:245,7,0,0
BRDA:245,7,1,0
BRDA:259,8,0,0
BRDA:259,8,1,0
BRDA:275,9,0,0
BRDA:275,9,1,0
BRDA:279,10,0,0
BRDA:279,10,1,0
BRDA:323,11,0,0
BRDA:323,11,1,0
BRF:24
BRH:0
end_of_record
TN:
SF:src\middleware\authentication.js
FN:3,(anonymous_0)
FNF:1
FNH:0
FNDA:0,(anonymous_0)
DA:1,1
DA:3,1
DA:5,0
DA:7,0
DA:9,0
DA:10,0
DA:13,0
DA:14,0
DA:15,0
DA:17,0
DA:20,0
DA:22,0
DA:28,0
LF:13
LH:2
BRDA:9,0,0,0
BRDA:9,0,1,0
BRDA:9,1,0,0
BRDA:9,1,1,0
BRDA:20,2,0,0
BRDA:20,2,1,0
BRDA:20,3,0,0
BRDA:20,3,1,0
BRF:8
BRH:0
end_of_record
TN:
SF:src\routes\routesComments.js
FNF:0
FNH:0
DA:1,1
DA:2,1
DA:3,1
DA:4,1
DA:6,1
DA:9,1
DA:16,1
DA:23,1
DA:26,1
DA:33,1
DA:44,1
LF:11
LH:11
BRF:0
BRH:0
end_of_record
TN:
SF:src\routes\routesLogs.js
FNF:0
FNH:0
DA:1,1
DA:2,1
DA:3,1
DA:4,1
DA:6,1
DA:9,1
LF:6
LH:6
BRF:0
BRH:0
end_of_record
TN:
SF:src\routes\routesPermissions.js
FNF:0
FNH:0
DA:1,1
DA:2,1
DA:3,1
DA:4,1
DA:5,1
DA:7,1
DA:17,1
DA:28,1
LF:8
LH:8
BRF:0
BRH:0
end_of_record
TN:
SF:src\routes\routesPost.js
FNF:0
FNH:0
DA:1,1
DA:2,1
DA:3,1
DA:4,1
DA:5,1
DA:7,1
DA:9,1
DA:17,1
DA:19,1
DA:28,1
DA:38,1
DA:50,1
LF:12
LH:12
BRF:0
BRH:0
end_of_record
TN:
SF:src\routes\routesUsers.js
FNF:0
FNH:0
DA:1,1
DA:2,1
DA:3,1
DA:4,1
DA:5,1
DA:7,1
DA:9,1
DA:20,1
DA:22,1
DA:33,1
DA:37,1
DA:47,1
LF:12
LH:12
BRF:0
BRH:0
end_of_record
