TN:
SF:src\config\db.js
FNF:0
FNH:0
DA:1,1
DA:2,1
DA:4,1
DA:16,1
LF:4
LH:4
BRF:0
BRH:0
end_of_record
TN:
SF:src\config\util.js
FNF:0
FNH:0
DA:1,1
DA:7,1
LF:2
LH:2
BRF:0
BRH:0
end_of_record
TN:
SF:src\controllers\commentsController.js
FN:4,(anonymous_0)
FN:37,(anonymous_1)
FN:87,(anonymous_2)
FN:141,(anonymous_3)
FN:178,(anonymous_4)
FN:222,(anonymous_5)
FN:228,(anonymous_6)
FNF:7
FNH:7
FNDA:1,(anonymous_0)
FNDA:2,(anonymous_1)
FNDA:3,(anonymous_2)
FNDA:1,(anonymous_3)
FNDA:2,(anonymous_4)
FNDA:2,(anonymous_5)
FNDA:2,(anonymous_6)
DA:1,1
DA:2,1
DA:4,1
DA:6,1
DA:7,1
DA:16,1
DA:26,0
DA:37,1
DA:39,2
DA:41,2
DA:42,2
DA:43,1
DA:50,1
DA:52,1
DA:66,1
DA:76,1
DA:87,1
DA:89,3
DA:91,3
DA:92,3
DA:93,1
DA:100,2
DA:102,2
DA:104,2
DA:119,2
DA:121,2
DA:130,1
DA:141,1
DA:142,1
DA:143,1
DA:145,1
DA:156,1
DA:166,0
DA:178,1
DA:179,2
DA:181,2
DA:182,2
DA:183,1
DA:190,1
DA:192,1
DA:204,1
DA:212,1
DA:222,1
DA:224,2
DA:226,2
DA:228,2
DA:231,2
DA:242,2
DA:252,2
DA:260,0
LF:50
LH:47
BRDA:42,0,0,1
BRDA:42,0,1,1
BRDA:92,1,0,1
BRDA:92,1,1,2
BRDA:114,2,0,1
BRDA:114,2,1,1
BRDA:115,3,0,1
BRDA:115,3,1,1
BRDA:182,4,0,1
BRDA:182,4,1,1
BRF:10
BRH:10
end_of_record
TN:
SF:src\controllers\logsController.js
FN:3,(anonymous_0)
FNF:1
FNH:1
FNDA:1,(anonymous_0)
DA:1,1
DA:3,1
DA:5,1
DA:7,1
DA:15,1
DA:26,0
LF:6
LH:5
BRF:0
BRH:0
end_of_record
TN:
SF:src\controllers\permissionsController.js
FN:5,(anonymous_0)
FN:10,(anonymous_1)
FN:63,(anonymous_2)
FNF:3
FNH:3
FNDA:2,(anonymous_0)
FNDA:2,(anonymous_1)
FNDA:1,(anonymous_2)
DA:1,1
DA:2,1
DA:5,1
DA:6,2
DA:8,2
DA:10,2
DA:12,2
DA:26,2
DA:28,1
DA:44,1
DA:53,1
DA:63,1
DA:64,1
DA:65,1
DA:67,1
DA:81,1
DA:90,0
LF:17
LH:16
BRDA:26,0,0,1
BRDA:26,0,1,1
BRF:2
BRH:2
end_of_record
TN:
SF:src\controllers\postsController.js
FN:4,(anonymous_0)
FN:44,(anonymous_1)
FN:92,(anonymous_2)
FN:99,(anonymous_3)
FN:151,(anonymous_4)
FN:188,(anonymous_5)
FN:194,(anonymous_6)
FN:249,(anonymous_7)
FN:255,(anonymous_8)
FNF:9
FNH:9
FNDA:1,(anonymous_0)
FNDA:5,(anonymous_1)
FNDA:1,(anonymous_2)
FNDA:1,(anonymous_3)
FNDA:1,(anonymous_4)
FNDA:1,(anonymous_5)
FNDA:1,(anonymous_6)
FNDA:1,(anonymous_7)
FNDA:1,(anonymous_8)
DA:1,1
DA:2,1
DA:4,1
DA:6,1
DA:8,1
DA:23,1
DA:33,0
DA:44,1
DA:45,5
DA:47,5
DA:50,5
DA:71,1
DA:81,4
DA:92,1
DA:94,1
DA:96,1
DA:98,1
DA:99,1
DA:101,1
DA:114,1
DA:116,1
DA:131,1
DA:140,0
DA:151,1
DA:152,1
DA:153,1
DA:155,1
DA:166,1
DA:176,0
DA:188,1
DA:190,1
DA:192,1
DA:194,1
DA:196,1
DA:204,1
DA:213,1
DA:228,1
DA:238,0
DA:249,1
DA:251,1
DA:253,1
DA:255,1
DA:257,1
DA:267,1
DA:282,1
DA:292,0
LF:46
LH:41
BRF:0
BRH:0
end_of_record
TN:
SF:src\controllers\usersController.js
FN:6,(anonymous_0)
FN:40,(anonymous_1)
FN:106,(anonymous_2)
FN:143,(anonymous_3)
FN:182,(anonymous_4)
FN:186,(anonymous_5)
FN:244,(anonymous_6)
FNF:7
FNH:7
FNDA:1,(anonymous_0)
FNDA:2,(anonymous_1)
FNDA:1,(anonymous_2)
FNDA:1,(anonymous_3)
FNDA:1,(anonymous_4)
FNDA:1,(anonymous_5)
FNDA:3,(anonymous_6)
DA:1,1
DA:2,1
DA:3,1
DA:4,1
DA:6,1
DA:8,1
DA:10,1
DA:18,1
DA:28,0
DA:40,1
DA:42,2
DA:44,2
DA:46,2
DA:57,2
DA:59,2
DA:61,1
DA:69,1
DA:84,1
DA:95,0
DA:106,1
DA:107,1
DA:108,1
DA:110,1
DA:121,1
DA:131,0
DA:143,1
DA:144,1
DA:146,1
DA:148,1
DA:163,1
DA:172,0
DA:182,1
DA:183,1
DA:184,1
DA:186,1
DA:189,1
DA:201,1
DA:212,1
DA:224,1
DA:233,0
DA:244,1
DA:246,3
DA:248,3
DA:249,3
DA:250,1
DA:257,2
DA:259,2
DA:268,2
DA:270,2
DA:272,1
DA:274,1
DA:276,1
DA:285,1
DA:294,0
DA:306,1
DA:318,1
LF:56
LH:50
BRDA:59,0,0,1
BRDA:59,0,1,1
BRDA:249,1,0,1
BRDA:249,1,1,2
BRDA:270,2,0,1
BRDA:270,2,1,1
BRDA:274,3,0,1
BRDA:274,3,1,0
BRF:8
BRH:7
end_of_record
TN:
SF:src\middleware\authentication.js
FN:7,(anonymous_0)
FN:42,(anonymous_1)
FN:99,(anonymous_2)
FN:158,(anonymous_3)
FN:217,(anonymous_4)
FNF:5
FNH:5
FNDA:44,(anonymous_0)
FNDA:21,(anonymous_1)
FNDA:6,(anonymous_2)
FNDA:3,(anonymous_3)
FNDA:5,(anonymous_4)
DA:1,1
DA:2,1
DA:3,1
DA:4,1
DA:7,1
DA:9,44
DA:11,44
DA:13,44
DA:14,43
DA:17,44
DA:19,44
DA:20,44
DA:22,4
DA:25,44
DA:27,4
DA:35,40
DA:42,1
DA:44,21
DA:47,21
DA:48,21
DA:49,8
DA:55,13
DA:57,13
DA:71,13
DA:73,3
DA:81,10
DA:88,8
DA:99,1
DA:101,6
DA:104,6
DA:105,6
DA:106,2
DA:112,4
DA:114,4
DA:131,4
DA:133,2
DA:141,2
DA:148,2
DA:158,1
DA:160,3
DA:162,3
DA:163,3
DA:164,1
DA:170,2
DA:172,2
DA:189,2
DA:191,1
DA:199,1
DA:206,1
DA:217,1
DA:219,5
DA:222,5
DA:223,5
DA:224,3
DA:230,2
DA:232,2
DA:249,2
DA:251,0
DA:259,2
DA:266,3
LF:60
LH:59
BRDA:13,0,0,43
BRDA:13,0,1,1
BRDA:13,1,0,44
BRDA:13,1,1,44
BRDA:25,2,0,4
BRDA:25,2,1,40
BRDA:25,3,0,44
BRDA:25,3,1,43
BRDA:48,4,0,8
BRDA:48,4,1,13
BRDA:71,5,0,3
BRDA:71,5,1,10
BRDA:71,6,0,13
BRDA:71,6,1,13
BRDA:105,7,0,2
BRDA:105,7,1,4
BRDA:131,8,0,2
BRDA:131,8,1,2
BRDA:131,9,0,4
BRDA:131,9,1,4
BRDA:163,10,0,1
BRDA:163,10,1,2
BRDA:189,11,0,1
BRDA:189,11,1,1
BRDA:189,12,0,2
BRDA:189,12,1,2
BRDA:223,13,0,3
BRDA:223,13,1,2
BRDA:249,14,0,0
BRDA:249,14,1,2
BRDA:249,15,0,2
BRDA:249,15,1,2
BRF:32
BRH:31
end_of_record
TN:
SF:src\routes\routesComments.js
FNF:0
FNH:0
DA:1,1
DA:2,1
DA:3,1
DA:4,1
DA:5,1
DA:6,1
DA:8,1
DA:10,1
DA:18,1
DA:26,1
DA:28,1
DA:38,1
DA:48,1
LF:13
LH:13
BRF:0
BRH:0
end_of_record
TN:
SF:src\routes\routesLogs.js
FNF:0
FNH:0
DA:1,1
DA:2,1
DA:3,1
DA:4,1
DA:5,1
DA:6,1
DA:8,1
DA:16,1
LF:8
LH:8
BRF:0
BRH:0
end_of_record
TN:
SF:src\routes\routesPermissions.js
FNF:0
FNH:0
DA:1,1
DA:2,1
DA:3,1
DA:4,1
DA:5,1
DA:6,1
DA:8,1
DA:19,1
DA:31,1
LF:9
LH:9
BRF:0
BRH:0
end_of_record
TN:
SF:src\routes\routesPost.js
FNF:0
FNH:0
DA:1,1
DA:2,1
DA:3,1
DA:4,1
DA:5,1
DA:7,1
DA:9,1
DA:18,1
DA:20,1
DA:28,1
DA:38,1
DA:50,1
LF:12
LH:12
BRF:0
BRH:0
end_of_record
TN:
SF:src\routes\routesUsers.js
FNF:0
FNH:0
DA:1,1
DA:2,1
DA:3,1
DA:4,1
DA:5,1
DA:6,1
DA:8,1
DA:15,1
DA:25,1
DA:34,1
DA:44,1
DA:51,1
DA:60,1
LF:13
LH:13
BRF:0
BRH:0
end_of_record
